#
# A fatal error has been detected by the Java Runtime Environment:
#
#  SIGSEGV (0xb) at pc=0x00007f2c9d7619a1, pid=4490, tid=139828730423040
#
# JRE version: Java(TM) SE Runtime Environment (8.0_51-b16) (build 1.8.0_51-b16)
# Java VM: Java HotSpot(TM) 64-Bit Server VM (25.51-b03 mixed mode linux-amd64 compressed oops)
# Problematic frame:
# C  [libc.so.6+0x9f9a1]  __memcpy_sse2_unaligned_erms+0x121
#
# Core dump written. Default location: /iriswork/kinson-parent/sun-parent/sun-eurekacentre/core or core.4490
#
# If you would like to submit a bug report, please visit:
#   http://bugreport.java.com/bugreport/crash.jsp
# The crash happened outside the Java Virtual Machine in native code.
# See problematic frame for where to report the bug.
#

---------------  T H R E A D  ---------------

Current thread (0x00007f2c14235800):  JavaThread "restartedMain" [_thread_in_native, id=4721, stack(0x00007f2c69be6000,0x00007f2c69ce7000)]

siginfo: si_signo: 11 (SIGSEGV), si_code: 1 (SEGV_MAPERR), si_addr: 0x00007f2c9e2d9039

Registers:
RAX=0x00007f2bc000f320, RBX=0x0000000000004b50, RCX=0x00007f2bc000f320, RDX=0x0000000000004b50
RSP=0x00007f2c69ce3538, RBP=0x00007f2c69ce3590, RSI=0x00007f2c9e2d44f9, RDI=0x00007f2bc000f320
R8 =0x0000000000000003, R9 =0x0000000000000077, R10=0x0000000000000000, R11=0x0000000000000000
R12=0x00007f2c9e2c6fec, R13=0x00007f2bc0001dd0, R14=0x0000000000007373, R15=0x00007f2c9817d480
RIP=0x00007f2c9d7619a1, EFLAGS=0x0000000000010297, CSGSFS=0x002b000000000033, ERR=0x0000000000000004
  TRAPNO=0x000000000000000e

Top of Stack: (sp=0x00007f2c69ce3538)
0x00007f2c69ce3538:   00007f2c96fada1e 000000076d8f1fe8
0x00007f2c69ce3548:   4b50732c00000000 000000000000616c
0x00007f2c69ce3558:   0000000009160008 00007f2bc0001dd0
0x00007f2c69ce3568:   00007f2c9817da70 00007f2c20bff160
0x00007f2c69ce3578:   00007f2c9817d480 0000000085a8cfdd
0x00007f2c69ce3588:   0000000000000019 00007f2c69ce35f0
0x00007f2c69ce3598:   00007f2c96fadf2f 00007f2c14235800
0x00007f2c69ce35a8:   01007f2c880a8a7e 00007f2c69ce3610
0x00007f2c69ce35b8:   00007f2c69ce362a 00007f2c69ce3628
0x00007f2c69ce35c8:   00007f2c69ce3610 0000000000000019
0x00007f2c69ce35d8:   00007f2c142359f8 00007f2c69ce3a68
0x00007f2c69ce35e8:   0000000000000001 00007f2c69ce3a50
0x00007f2c69ce35f8:   00007f2c96f9fd30 0000000000000000
0x00007f2c69ce3608:   00007f2c9817d480 464e492d4154454d
0x00007f2c69ce3618:   2e676e697270732f 6569726f74636166
0x00007f2c69ce3628:   000000076d000073 0000000000000019
0x00007f2c69ce3638:   000000076d8f21a0 0000000400000000
0x00007f2c69ce3648:   00007f2c14010100 00007f2c69ce3e10
0x00007f2c69ce3658:   00007f2c69ce3608 00007f2c69ce3649
0x00007f2c69ce3668:   0000000800000002 0000000000000000
0x00007f2c69ce3678:   0000000000000000 00007f2c9d639530
0x00007f2c69ce3688:   00007f2c9e0e34a0 0000000014235800
0x00007f2c69ce3698:   00007f2c9808fed0 0000000000000000
0x00007f2c69ce36a8:   00007f2bfc000b58 00007f2c85a243a8
0x00007f2c69ce36b8:   00007f2c14235800 00007f2c85a243a8
0x00007f2c69ce36c8:   00007f2c14235800 000000076d8f0c40
0x00007f2c69ce36d8:   00007f2c85a243a8 00007f2c85a243a8
0x00007f2c69ce36e8:   00007f2c85a243a8 00000000ffffffff
0x00007f2c69ce36f8:   0000000000000000 00007f2c14235800
0x00007f2c69ce3708:   00007f2c9808fed0 00007f2bfc000b58
0x00007f2c69ce3718:   00007f2bfc000b58 00007f2c69ce38e0
0x00007f2c69ce3728:   00007f2c9cdc373c 00007f2c14235800 

Instructions: (pc=0x00007f2c9d7619a1)
0x00007f2c9d761981:   11 4f 10 0f 11 54 17 f0 0f 11 5c 17 e0 c3 48 39
0x00007f2c9d761991:   f7 0f 87 8c 00 00 00 0f 84 28 ff ff ff 0f 10 26
0x00007f2c9d7619a1:   0f 10 6c 16 f0 0f 10 74 16 e0 0f 10 7c 16 d0 44
0x00007f2c9d7619b1:   0f 10 44 16 c0 49 89 fb 48 8d 4c 17 f0 49 89 f8 

Register to memory mapping:

RAX=0x00007f2bc000f320 is an unknown value
RBX=0x0000000000004b50 is an unknown value
RCX=0x00007f2bc000f320 is an unknown value
RDX=0x0000000000004b50 is an unknown value
RSP=0x00007f2c69ce3538 is pointing into the stack for thread: 0x00007f2c14235800
RBP=0x00007f2c69ce3590 is pointing into the stack for thread: 0x00007f2c14235800
RSI=0x00007f2c9e2d44f9 is an unknown value
RDI=0x00007f2bc000f320 is an unknown value
R8 =0x0000000000000003 is an unknown value
R9 =0x0000000000000077 is an unknown value
R10=0x0000000000000000 is an unknown value
R11=0x0000000000000000 is an unknown value
R12=0x00007f2c9e2c6fec is an unknown value
R13=0x00007f2bc0001dd0 is an unknown value
R14=0x0000000000007373 is an unknown value
R15=0x00007f2c9817d480 is an unknown value


Stack: [0x00007f2c69be6000,0x00007f2c69ce7000],  sp=0x00007f2c69ce3538,  free space=1013k
Native frames: (J=compiled Java code, j=interpreted, Vv=VM code, C=native code)
C  [libc.so.6+0x9f9a1]  __memcpy_sse2_unaligned_erms+0x121
C  [libzip.so+0x11f2f]  ZIP_GetEntry2+0xff
C  [libzip.so+0x3d30]  Java_java_util_zip_ZipFile_getEntry+0xf0
J 287  java.util.zip.ZipFile.getEntry(J[BZ)J (0 bytes) @ 0x00007f2c8810704e [0x00007f2c88106f80+0xce]
J 333 C1 java.util.zip.ZipFile.getEntry(Ljava/lang/String;)Ljava/util/zip/ZipEntry; (86 bytes) @ 0x00007f2c8811b094 [0x00007f2c8811af40+0x154]
J 379 C1 java.util.jar.JarFile.getEntry(Ljava/lang/String;)Ljava/util/zip/ZipEntry; (22 bytes) @ 0x00007f2c881307bc [0x00007f2c88130780+0x3c]
J 377 C1 sun.misc.URLClassPath$JarLoader.getResource(Ljava/lang/String;Z)Lsun/misc/Resource; (85 bytes) @ 0x00007f2c8812fa8c [0x00007f2c8812f960+0x12c]
J 338 C1 sun.misc.URLClassPath$JarLoader.findResource(Ljava/lang/String;Z)Ljava/net/URL; (18 bytes) @ 0x00007f2c88120174 [0x00007f2c88120140+0x34]
J 910 C1 sun.misc.URLClassPath$1.next()Z (63 bytes) @ 0x00007f2c8820472c [0x00007f2c882046c0+0x6c]
J 4397 C1 sun.misc.URLClassPath$1.hasMoreElements()Z (5 bytes) @ 0x00007f2c8884c234 [0x00007f2c8884c200+0x34]
J 3471 C1 java.net.URLClassLoader$3$1.run()Ljava/lang/Object; (5 bytes) @ 0x00007f2c8868e454 [0x00007f2c8868e400+0x54]
v  ~StubRoutines::call_stub
V  [libjvm.so+0x681a26]  JavaCalls::call_helper(JavaValue*, methodHandle*, JavaCallArguments*, Thread*)+0x1056
V  [libjvm.so+0x7197dc]  JVM_DoPrivileged+0x27c
J 1270  java.security.AccessController.doPrivileged(Ljava/security/PrivilegedAction;Ljava/security/AccessControlContext;)Ljava/lang/Object; (0 bytes) @ 0x00007f2c88279895 [0x00007f2c882797c0+0xd5]
J 3455 C1 java.net.URLClassLoader$3.next()Z (73 bytes) @ 0x00007f2c88687eec [0x00007f2c88687da0+0x14c]
J 3469 C1 java.net.URLClassLoader$3.hasMoreElements()Z (5 bytes) @ 0x00007f2c8868de34 [0x00007f2c8868de00+0x34]
J 3464 C1 sun.misc.CompoundEnumeration.next()Z (58 bytes) @ 0x00007f2c8868ac04 [0x00007f2c8868ab80+0x84]
J 3470 C1 sun.misc.CompoundEnumeration.hasMoreElements()Z (5 bytes) @ 0x00007f2c8868e134 [0x00007f2c8868e100+0x34]
j  org.springframework.core.io.support.SpringFactoriesLoader.loadSpringFactories(Ljava/lang/ClassLoader;)Ljava/util/Map;+47
j  org.springframework.core.io.support.SpringFactoriesLoader.loadFactoryNames(Ljava/lang/Class;Ljava/lang/ClassLoader;)Ljava/util/List;+6
j  org.springframework.boot.SpringApplication.getSpringFactoriesInstances(Ljava/lang/Class;[Ljava/lang/Class;[Ljava/lang/Object;)Ljava/util/Collection;+15
j  org.springframework.boot.SpringApplication.getSpringFactoriesInstances(Ljava/lang/Class;)Ljava/util/Collection;+10
j  org.springframework.boot.SpringApplication.<init>(Lorg/springframework/core/io/ResourceLoader;[Ljava/lang/Class;)V+91
j  org.springframework.boot.SpringApplication.<init>([Ljava/lang/Class;)V+3
j  org.springframework.boot.SpringApplication.run([Ljava/lang/Class;[Ljava/lang/String;)Lorg/springframework/context/ConfigurableApplicationContext;+5
j  org.springframework.boot.SpringApplication.run(Ljava/lang/Class;[Ljava/lang/String;)Lorg/springframework/context/ConfigurableApplicationContext;+9
j  com.eurekacentre.SunEurekacentreApp.main([Ljava/lang/String;)V+3
v  ~StubRoutines::call_stub
V  [libjvm.so+0x681a26]  JavaCalls::call_helper(JavaValue*, methodHandle*, JavaCallArguments*, Thread*)+0x1056
V  [libjvm.so+0x985177]  Reflection::invoke(instanceKlassHandle, methodHandle, Handle, bool, objArrayHandle, BasicType, objArrayHandle, bool, Thread*)+0x5d7
V  [libjvm.so+0x988847]  Reflection::invoke_method(oopDesc*, Handle, objArrayHandle, Thread*)+0x147
V  [libjvm.so+0x70f5ab]  JVM_InvokeMethod+0x26b
J 2068  sun.reflect.NativeMethodAccessorImpl.invoke0(Ljava/lang/reflect/Method;Ljava/lang/Object;[Ljava/lang/Object;)Ljava/lang/Object; (0 bytes) @ 0x00007f2c883f396d [0x00007f2c883f3880+0xed]
J 1646 C1 sun.reflect.NativeMethodAccessorImpl.invoke(Ljava/lang/Object;[Ljava/lang/Object;)Ljava/lang/Object; (104 bytes) @ 0x00007f2c8831623c [0x00007f2c88315ea0+0x39c]
J 1057 C1 sun.reflect.DelegatingMethodAccessorImpl.invoke(Ljava/lang/Object;[Ljava/lang/Object;)Ljava/lang/Object; (10 bytes) @ 0x00007f2c88237bc4 [0x00007f2c88237b80+0x44]
J 1056 C1 java.lang.reflect.Method.invoke(Ljava/lang/Object;[Ljava/lang/Object;)Ljava/lang/Object; (62 bytes) @ 0x00007f2c882377cc [0x00007f2c882376e0+0xec]
j  org.springframework.boot.devtools.restart.RestartLauncher.run()V+41
v  ~StubRoutines::call_stub
V  [libjvm.so+0x681a26]  JavaCalls::call_helper(JavaValue*, methodHandle*, JavaCallArguments*, Thread*)+0x1056
V  [libjvm.so+0x681f31]  JavaCalls::call_virtual(JavaValue*, KlassHandle, Symbol*, Symbol*, JavaCallArguments*, Thread*)+0x321
V  [libjvm.so+0x6823d7]  JavaCalls::call_virtual(JavaValue*, Handle, KlassHandle, Symbol*, Symbol*, Thread*)+0x47
V  [libjvm.so+0x718280]  thread_entry(JavaThread*, Thread*)+0xa0
V  [libjvm.so+0xa5cbcf]  JavaThread::thread_main_inner()+0xdf
V  [libjvm.so+0xa5ccfc]  JavaThread::run()+0x11c
V  [libjvm.so+0x911048]  java_start(Thread*)+0x108
C  [libpthread.so.0+0x750b]  start_thread+0xdb

Java frames: (J=compiled Java code, j=interpreted, Vv=VM code)
J 287  java.util.zip.ZipFile.getEntry(J[BZ)J (0 bytes) @ 0x00007f2c88106fd8 [0x00007f2c88106f80+0x58]
J 333 C1 java.util.zip.ZipFile.getEntry(Ljava/lang/String;)Ljava/util/zip/ZipEntry; (86 bytes) @ 0x00007f2c8811b094 [0x00007f2c8811af40+0x154]
J 379 C1 java.util.jar.JarFile.getEntry(Ljava/lang/String;)Ljava/util/zip/ZipEntry; (22 bytes) @ 0x00007f2c881307bc [0x00007f2c88130780+0x3c]
J 377 C1 sun.misc.URLClassPath$JarLoader.getResource(Ljava/lang/String;Z)Lsun/misc/Resource; (85 bytes) @ 0x00007f2c8812fa8c [0x00007f2c8812f960+0x12c]
J 338 C1 sun.misc.URLClassPath$JarLoader.findResource(Ljava/lang/String;Z)Ljava/net/URL; (18 bytes) @ 0x00007f2c88120174 [0x00007f2c88120140+0x34]
J 910 C1 sun.misc.URLClassPath$1.next()Z (63 bytes) @ 0x00007f2c8820472c [0x00007f2c882046c0+0x6c]
J 4397 C1 sun.misc.URLClassPath$1.hasMoreElements()Z (5 bytes) @ 0x00007f2c8884c234 [0x00007f2c8884c200+0x34]
J 3471 C1 java.net.URLClassLoader$3$1.run()Ljava/lang/Object; (5 bytes) @ 0x00007f2c8868e454 [0x00007f2c8868e400+0x54]
v  ~StubRoutines::call_stub
J 1270  java.security.AccessController.doPrivileged(Ljava/security/PrivilegedAction;Ljava/security/AccessControlContext;)Ljava/lang/Object; (0 bytes) @ 0x00007f2c88279823 [0x00007f2c882797c0+0x63]
J 3455 C1 java.net.URLClassLoader$3.next()Z (73 bytes) @ 0x00007f2c88687eec [0x00007f2c88687da0+0x14c]
J 3469 C1 java.net.URLClassLoader$3.hasMoreElements()Z (5 bytes) @ 0x00007f2c8868de34 [0x00007f2c8868de00+0x34]
J 3464 C1 sun.misc.CompoundEnumeration.next()Z (58 bytes) @ 0x00007f2c8868ac04 [0x00007f2c8868ab80+0x84]
J 3470 C1 sun.misc.CompoundEnumeration.hasMoreElements()Z (5 bytes) @ 0x00007f2c8868e134 [0x00007f2c8868e100+0x34]
j  org.springframework.core.io.support.SpringFactoriesLoader.loadSpringFactories(Ljava/lang/ClassLoader;)Ljava/util/Map;+47
j  org.springframework.core.io.support.SpringFactoriesLoader.loadFactoryNames(Ljava/lang/Class;Ljava/lang/ClassLoader;)Ljava/util/List;+6
j  org.springframework.boot.SpringApplication.getSpringFactoriesInstances(Ljava/lang/Class;[Ljava/lang/Class;[Ljava/lang/Object;)Ljava/util/Collection;+15
j  org.springframework.boot.SpringApplication.getSpringFactoriesInstances(Ljava/lang/Class;)Ljava/util/Collection;+10
j  org.springframework.boot.SpringApplication.<init>(Lorg/springframework/core/io/ResourceLoader;[Ljava/lang/Class;)V+91
j  org.springframework.boot.SpringApplication.<init>([Ljava/lang/Class;)V+3
j  org.springframework.boot.SpringApplication.run([Ljava/lang/Class;[Ljava/lang/String;)Lorg/springframework/context/ConfigurableApplicationContext;+5
j  org.springframework.boot.SpringApplication.run(Ljava/lang/Class;[Ljava/lang/String;)Lorg/springframework/context/ConfigurableApplicationContext;+9
j  com.eurekacentre.SunEurekacentreApp.main([Ljava/lang/String;)V+3
v  ~StubRoutines::call_stub
J 2068  sun.reflect.NativeMethodAccessorImpl.invoke0(Ljava/lang/reflect/Method;Ljava/lang/Object;[Ljava/lang/Object;)Ljava/lang/Object; (0 bytes) @ 0x00007f2c883f38f7 [0x00007f2c883f3880+0x77]
J 1646 C1 sun.reflect.NativeMethodAccessorImpl.invoke(Ljava/lang/Object;[Ljava/lang/Object;)Ljava/lang/Object; (104 bytes) @ 0x00007f2c8831623c [0x00007f2c88315ea0+0x39c]
J 1057 C1 sun.reflect.DelegatingMethodAccessorImpl.invoke(Ljava/lang/Object;[Ljava/lang/Object;)Ljava/lang/Object; (10 bytes) @ 0x00007f2c88237bc4 [0x00007f2c88237b80+0x44]
J 1056 C1 java.lang.reflect.Method.invoke(Ljava/lang/Object;[Ljava/lang/Object;)Ljava/lang/Object; (62 bytes) @ 0x00007f2c882377cc [0x00007f2c882376e0+0xec]
j  org.springframework.boot.devtools.restart.RestartLauncher.run()V+41
v  ~StubRoutines::call_stub

---------------  P R O C E S S  ---------------

Java Threads: ( => current thread )
=>0x00007f2c14235800 JavaThread "restartedMain" [_thread_in_native, id=4721, stack(0x00007f2c69be6000,0x00007f2c69ce7000)]
  0x00007f2c00003000 JavaThread "Thread-11" [_thread_blocked, id=4715, stack(0x00007f2c719a3000,0x00007f2c71aa4000)]
  0x00007f2c98012000 JavaThread "DestroyJavaVM" [_thread_blocked, id=4491, stack(0x00007f2c9e1af000,0x00007f2c9e2af000)]
  0x00007f2c20cd4800 JavaThread "http-nio-8761-AsyncTimeout" daemon [_thread_blocked, id=4554, stack(0x00007f2c69ae5000,0x00007f2c69be6000)]
  0x00007f2c20c75000 JavaThread "Eureka-CacheFillTimer" daemon [_thread_blocked, id=4538, stack(0x00007f2c6a9f4000,0x00007f2c6aaf5000)]
  0x00007f2c20c69000 JavaThread "ReplicaAwareInstanceRegistry - RenewalThresholdUpdater" daemon [_thread_blocked, id=4535, stack(0x00007f2c6acf7000,0x00007f2c6adf8000)]
  0x00007f2c20bfd000 JavaThread "Live Reload Server" daemon [_thread_in_native, id=4531, stack(0x00007f2c6b2fb000,0x00007f2c6b3fc000)]
  0x00007f2c9879e000 JavaThread "RMI TCP Accept-0" daemon [_thread_in_native, id=4514, stack(0x00007f2c7206f000,0x00007f2c72170000)]
  0x00007f2c98761800 JavaThread "RMI TCP Accept-33233" daemon [_thread_in_native, id=4513, stack(0x00007f2c721a9000,0x00007f2c722aa000)]
  0x00007f2c9874b000 JavaThread "RMI TCP Accept-0" daemon [_thread_in_native, id=4512, stack(0x00007f2c722aa000,0x00007f2c723ab000)]
  0x00007f2c980ce000 JavaThread "Service Thread" daemon [_thread_blocked, id=4510, stack(0x00007f2c739fa000,0x00007f2c73afb000)]
  0x00007f2c980c8800 JavaThread "C1 CompilerThread2" daemon [_thread_blocked, id=4509, stack(0x00007f2c73afc000,0x00007f2c73bfc000)]
  0x00007f2c980c7000 JavaThread "C2 CompilerThread1" daemon [_thread_blocked, id=4508, stack(0x00007f2c73bfd000,0x00007f2c73cfd000)]
  0x00007f2c980c4000 JavaThread "C2 CompilerThread0" daemon [_thread_blocked, id=4507, stack(0x00007f2c73cfe000,0x00007f2c73dfe000)]
  0x00007f2c980c0800 JavaThread "Signal Dispatcher" daemon [_thread_blocked, id=4506, stack(0x00007f2c73dfe000,0x00007f2c73eff000)]
  0x00007f2c9808b000 JavaThread "Finalizer" daemon [_thread_blocked, id=4505, stack(0x00007f2c73eff000,0x00007f2c74000000)]
  0x00007f2c98088800 JavaThread "Reference Handler" daemon [_thread_blocked, id=4504, stack(0x00007f2c8401c000,0x00007f2c8411d000)]

Other Threads:
  0x00007f2c98083800 VMThread [stack: 0x00007f2c8411e000,0x00007f2c8421e000] [id=4503]
  0x00007f2c987a0000 WatcherThread [stack: 0x00007f2c71f6f000,0x00007f2c7206f000] [id=4515]

VM state:not at safepoint (normal execution)

VM Mutex/Monitor currently owned by a thread: None

Heap:
 PSYoungGen      total 339968K, used 7009K [0x000000076d300000, 0x0000000783b80000, 0x00000007c0000000)
  eden space 325120K, 2% used [0x000000076d300000,0x000000076d9d8498,0x0000000781080000)
  from space 14848K, 0% used [0x0000000781080000,0x0000000781080000,0x0000000781f00000)
  to   space 22016K, 0% used [0x0000000782600000,0x0000000782600000,0x0000000783b80000)
 ParOldGen       total 200192K, used 35256K [0x00000006c7800000, 0x00000006d3b80000, 0x000000076d300000)
  object space 200192K, 17% used [0x00000006c7800000,0x00000006c9a6e240,0x00000006d3b80000)
 Metaspace       used 46531K, capacity 48918K, committed 49024K, reserved 1091584K
  class space    used 6532K, capacity 6989K, committed 7040K, reserved 1048576K

Card table byte_map: [0x00007f2c87417000,0x00007f2c87bdc000] byte_map_base: 0x00007f2c83ddb000

Marking Bits: (ParMarkBitMap*) 0x00007f2c9d697660
 Begin Bits: [0x00007f2c5c3c0000, 0x00007f2c601e0000)
 End Bits:   [0x00007f2c601e0000, 0x00007f2c64000000)

Polling page: 0x00007f2c9e2d3000

CodeCache: size=245760Kb used=10224Kb max_used=10303Kb free=235535Kb
 bounds [0x00007f2c87f9c000, 0x00007f2c889ac000, 0x00007f2c96f9c000]
 total_blobs=5513 nmethods=5045 adapters=380
 compilation: enabled

Compilation events (10 events):
Event: 235.489 Thread 0x00007f2c980c8800 nmethod 5072 0x00007f2c889aadd0 code [0x00007f2c889aaf40, 0x00007f2c889ab088]
Event: 235.489 Thread 0x00007f2c980c8800 5071  s    1       org.apache.catalina.util.LifecycleBase::setStateInternal (144 bytes)
Event: 235.626 Thread 0x00007f2c980c8800 nmethod 5071 0x00007f2c889ab110 code [0x00007f2c889ab2e0, 0x00007f2c889aba08]
Event: 235.627 Thread 0x00007f2c980c8800 5076       1       java.util.TreeMap::<init> (20 bytes)
Event: 235.627 Thread 0x00007f2c980c8800 nmethod 5076 0x00007f2c88104ad0 code [0x00007f2c88104c20, 0x00007f2c88104d50]
Event: 235.627 Thread 0x00007f2c980c8800 5075       1       javax.management.openmbean.SimpleType::equals (26 bytes)
Event: 235.627 Thread 0x00007f2c980c8800 nmethod 5075 0x00007f2c88107190 code [0x00007f2c88107300, 0x00007f2c881074c8]
Event: 235.627 Thread 0x00007f2c980c8800 5077       1       javax.management.openmbean.OpenType::isAssignableFrom (6 bytes)
Event: 235.627 Thread 0x00007f2c980c8800 nmethod 5077 0x00007f2c881a6610 code [0x00007f2c881a6780, 0x00007f2c881a68a8]
Event: 235.627 Thread 0x00007f2c980c8800 5074       1       java.util.TreeMap::keySet (5 bytes)

GC Heap History (10 events):
Event: 2.314 GC heap before
{Heap before GC invocations=8 (full 2):
 PSYoungGen      total 258048K, used 10748K [0x000000076d300000, 0x0000000783e80000, 0x00000007c0000000)
  eden space 247296K, 0% used [0x000000076d300000,0x000000076d300000,0x000000077c480000)
  from space 10752K, 99% used [0x000000077d900000,0x000000077e37f290,0x000000077e380000)
  to   space 20992K, 0% used [0x000000077c480000,0x000000077c480000,0x000000077d900000)
 ParOldGen       total 112128K, used 25925K [0x00000006c7800000, 0x00000006ce580000, 0x000000076d300000)
  object space 112128K, 23% used [0x00000006c7800000,0x00000006c91516b8,0x00000006ce580000)
 Metaspace       used 33922K, capacity 35360K, committed 35496K, reserved 1079296K
  class space    used 4559K, capacity 4841K, committed 4864K, reserved 1048576K
Event: 2.367 GC heap after
Heap after GC invocations=8 (full 2):
 PSYoungGen      total 258048K, used 0K [0x000000076d300000, 0x0000000783e80000, 0x00000007c0000000)
  eden space 247296K, 0% used [0x000000076d300000,0x000000076d300000,0x000000077c480000)
  from space 10752K, 0% used [0x000000077d900000,0x000000077d900000,0x000000077e380000)
  to   space 20992K, 0% used [0x000000077c480000,0x000000077c480000,0x000000077d900000)
 ParOldGen       total 200192K, used 25605K [0x00000006c7800000, 0x00000006d3b80000, 0x000000076d300000)
  object space 200192K, 12% used [0x00000006c7800000,0x00000006c91016f8,0x00000006d3b80000)
 Metaspace       used 33922K, capacity 35360K, committed 35496K, reserved 1079296K
  class space    used 4559K, capacity 4841K, committed 4864K, reserved 1048576K
}
Event: 3.276 GC heap before
{Heap before GC invocations=9 (full 2):
 PSYoungGen      total 258048K, used 247296K [0x000000076d300000, 0x0000000783e80000, 0x00000007c0000000)
  eden space 247296K, 100% used [0x000000076d300000,0x000000077c480000,0x000000077c480000)
  from space 10752K, 0% used [0x000000077d900000,0x000000077d900000,0x000000077e380000)
  to   space 20992K, 0% used [0x000000077c480000,0x000000077c480000,0x000000077d900000)
 ParOldGen       total 200192K, used 25605K [0x00000006c7800000, 0x00000006d3b80000, 0x000000076d300000)
  object space 200192K, 12% used [0x00000006c7800000,0x00000006c91016f8,0x00000006d3b80000)
 Metaspace       used 41035K, capacity 42830K, committed 43008K, reserved 1085440K
  class space    used 5726K, capacity 6076K, committed 6144K, reserved 1048576K
Event: 3.284 GC heap after
Heap after GC invocations=9 (full 2):
 PSYoungGen      total 268288K, used 13797K [0x000000076d300000, 0x0000000783c80000, 0x00000007c0000000)
  eden space 247296K, 0% used [0x000000076d300000,0x000000076d300000,0x000000077c480000)
  from space 20992K, 65% used [0x000000077c480000,0x000000077d1f94d0,0x000000077d900000)
  to   space 20480K, 0% used [0x0000000782880000,0x0000000782880000,0x0000000783c80000)
 ParOldGen       total 200192K, used 25613K [0x00000006c7800000, 0x00000006d3b80000, 0x000000076d300000)
  object space 200192K, 12% used [0x00000006c7800000,0x00000006c91036f8,0x00000006d3b80000)
 Metaspace       used 41035K, capacity 42830K, committed 43008K, reserved 1085440K
  class space    used 5726K, capacity 6076K, committed 6144K, reserved 1048576K
}
Event: 4.040 GC heap before
{Heap before GC invocations=10 (full 2):
 PSYoungGen      total 268288K, used 261093K [0x000000076d300000, 0x0000000783c80000, 0x00000007c0000000)
  eden space 247296K, 100% used [0x000000076d300000,0x000000077c480000,0x000000077c480000)
  from space 20992K, 65% used [0x000000077c480000,0x000000077d1f94d0,0x000000077d900000)
  to   space 20480K, 0% used [0x0000000782880000,0x0000000782880000,0x0000000783c80000)
 ParOldGen       total 200192K, used 25613K [0x00000006c7800000, 0x00000006d3b80000, 0x000000076d300000)
  object space 200192K, 12% used [0x00000006c7800000,0x00000006c91036f8,0x00000006d3b80000)
 Metaspace       used 45830K, capacity 48076K, committed 48384K, reserved 1091584K
  class space    used 6426K, capacity 6860K, committed 6912K, reserved 1048576K
Event: 4.051 GC heap after
Heap after GC invocations=10 (full 2):
 PSYoungGen      total 345600K, used 18853K [0x000000076d300000, 0x0000000783c80000, 0x00000007c0000000)
  eden space 325120K, 0% used [0x000000076d300000,0x000000076d300000,0x0000000781080000)
  from space 20480K, 92% used [0x0000000782880000,0x0000000783ae9680,0x0000000783c80000)
  to   space 22528K, 0% used [0x0000000781080000,0x0000000781080000,0x0000000782680000)
 ParOldGen       total 200192K, used 25621K [0x00000006c7800000, 0x00000006d3b80000, 0x000000076d300000)
  object space 200192K, 12% used [0x00000006c7800000,0x00000006c91056f8,0x00000006d3b80000)
 Metaspace       used 45830K, capacity 48076K, committed 48384K, reserved 1091584K
  class space    used 6426K, capacity 6860K, committed 6912K, reserved 1048576K
}
Event: 235.490 GC heap before
{Heap before GC invocations=11 (full 2):
 PSYoungGen      total 345600K, used 98464K [0x000000076d300000, 0x0000000783c80000, 0x00000007c0000000)
  eden space 325120K, 24% used [0x000000076d300000,0x00000007720bed68,0x0000000781080000)
  from space 20480K, 92% used [0x0000000782880000,0x0000000783ae9680,0x0000000783c80000)
  to   space 22528K, 0% used [0x0000000781080000,0x0000000781080000,0x0000000782680000)
 ParOldGen       total 200192K, used 25621K [0x00000006c7800000, 0x00000006d3b80000, 0x000000076d300000)
  object space 200192K, 12% used [0x00000006c7800000,0x00000006c91056f8,0x00000006d3b80000)
 Metaspace       used 46527K, capacity 48912K, committed 49024K, reserved 1091584K
  class space    used 6530K, capacity 6987K, committed 7040K, reserved 1048576K
Event: 235.518 GC heap after
Heap after GC invocations=11 (full 2):
 PSYoungGen      total 339968K, used 14785K [0x000000076d300000, 0x0000000783b80000, 0x00000007c0000000)
  eden space 325120K, 0% used [0x000000076d300000,0x000000076d300000,0x0000000781080000)
  from space 14848K, 99% used [0x0000000781080000,0x0000000781ef0618,0x0000000781f00000)
  to   space 22016K, 0% used [0x0000000782600000,0x0000000782600000,0x0000000783b80000)
 ParOldGen       total 200192K, used 25621K [0x00000006c7800000, 0x00000006d3b80000, 0x000000076d300000)
  object space 200192K, 12% used [0x00000006c7800000,0x00000006c91056f8,0x00000006d3b80000)
 Metaspace       used 46527K, capacity 48912K, committed 49024K, reserved 1091584K
  class space    used 6530K, capacity 6987K, committed 7040K, reserved 1048576K
}
Event: 235.518 GC heap before
{Heap before GC invocations=12 (full 3):
 PSYoungGen      total 339968K, used 14785K [0x000000076d300000, 0x0000000783b80000, 0x00000007c0000000)
  eden space 325120K, 0% used [0x000000076d300000,0x000000076d300000,0x0000000781080000)
  from space 14848K, 99% used [0x0000000781080000,0x0000000781ef0618,0x0000000781f00000)
  to   space 22016K, 0% used [0x0000000782600000,0x0000000782600000,0x0000000783b80000)
 ParOldGen       total 200192K, used 25621K [0x00000006c7800000, 0x00000006d3b80000, 0x000000076d300000)
  object space 200192K, 12% used [0x00000006c7800000,0x00000006c91056f8,0x00000006d3b80000)
 Metaspace       used 46527K, capacity 48912K, committed 49024K, reserved 1091584K
  class space    used 6530K, capacity 6987K, committed 7040K, reserved 1048576K
Event: 235.626 GC heap after
Heap after GC invocations=12 (full 3):
 PSYoungGen      total 339968K, used 0K [0x000000076d300000, 0x0000000783b80000, 0x00000007c0000000)
  eden space 325120K, 0% used [0x000000076d300000,0x000000076d300000,0x0000000781080000)
  from space 14848K, 0% used [0x0000000781080000,0x0000000781080000,0x0000000781f00000)
  to   space 22016K, 0% used [0x0000000782600000,0x0000000782600000,0x0000000783b80000)
 ParOldGen       total 200192K, used 35256K [0x00000006c7800000, 0x00000006d3b80000, 0x000000076d300000)
  object space 200192K, 17% used [0x00000006c7800000,0x00000006c9a6e240,0x00000006d3b80000)
 Metaspace       used 46527K, capacity 48912K, committed 49024K, reserved 1091584K
  class space    used 6530K, capacity 6987K, committed 7040K, reserved 1048576K
}

Deoptimization events (0 events):
No events

Internal exceptions (10 events):
Event: 4.106 Thread 0x00007f2c1c003000 Exception <a 'java/lang/ClassNotFoundException': org/springframework/cloud/netflix/eureka/serviceregistry/EurekaRegistrationCustomizer> (0x000000076e126f28) thrown at [/HUDSON/workspace/8-2-build-linux-amd64/jdk8u51/3951/hotspot/src/share/vm/classfile/sys
Event: 4.106 Thread 0x00007f2c1c003000 Exception <a 'java/lang/ArrayIndexOutOfBoundsException'> (0x000000076e1299c8) thrown at [/HUDSON/workspace/8-2-build-linux-amd64/jdk8u51/3951/hotspot/src/share/vm/runtime/sharedRuntime.cpp, line 605]
Event: 4.106 Thread 0x00007f2c1c003000 Exception <a 'java/lang/ArrayIndexOutOfBoundsException'> (0x000000076e12d428) thrown at [/HUDSON/workspace/8-2-build-linux-amd64/jdk8u51/3951/hotspot/src/share/vm/runtime/sharedRuntime.cpp, line 605]
Event: 4.106 Thread 0x00007f2c1c003000 Exception <a 'java/lang/ArrayIndexOutOfBoundsException'> (0x000000076e131140) thrown at [/HUDSON/workspace/8-2-build-linux-amd64/jdk8u51/3951/hotspot/src/share/vm/runtime/sharedRuntime.cpp, line 605]
Event: 4.106 Thread 0x00007f2c1c003000 Exception <a 'java/lang/ClassNotFoundException': org/springframework/cloud/client/serviceregistry/RegistrationCustomizer> (0x000000076e1724d8) thrown at [/HUDSON/workspace/8-2-build-linux-amd64/jdk8u51/3951/hotspot/src/share/vm/classfile/systemDictionary.
Event: 4.108 Thread 0x00007f2c1c003000 Exception <a 'java/lang/ArrayIndexOutOfBoundsException'> (0x000000076e18c580) thrown at [/HUDSON/workspace/8-2-build-linux-amd64/jdk8u51/3951/hotspot/src/share/vm/runtime/sharedRuntime.cpp, line 605]
Event: 4.110 Thread 0x00007f2c1c003000 Exception <a 'java/lang/ArrayIndexOutOfBoundsException'> (0x000000076e1f1d80) thrown at [/HUDSON/workspace/8-2-build-linux-amd64/jdk8u51/3951/hotspot/src/share/vm/runtime/sharedRuntime.cpp, line 605]
Event: 235.404 Thread 0x00007f2c38010000 Exception <a 'java/lang/InterruptedException': sleep interrupted> (0x0000000770d01c38) thrown at [/HUDSON/workspace/8-2-build-linux-amd64/jdk8u51/3951/hotspot/src/share/vm/prims/jvm.cpp, line 3211]
Event: 235.466 Thread 0x00007f2c20afd000 Exception <a 'java/lang/InterruptedException': sleep interrupted> (0x000000076fd0e558) thrown at [/HUDSON/workspace/8-2-build-linux-amd64/jdk8u51/3951/hotspot/src/share/vm/prims/jvm.cpp, line 3211]
Event: 235.486 Thread 0x00007f2c20afe000 Exception <a 'java/lang/InterruptedException': sleep interrupted> (0x0000000771ea0fd0) thrown at [/HUDSON/workspace/8-2-build-linux-amd64/jdk8u51/3951/hotspot/src/share/vm/prims/jvm.cpp, line 3211]

Events (10 events):
Event: 235.627 loading class org/springframework/web/reactive$DispatcherHandler
Event: 235.627 loading class org/springframework/web/reactive$DispatcherHandler done
Event: 235.627 Thread 0x00007f2c980c8800 flushing nmethod 0x00007f2c88238a50
Event: 235.627 Thread 0x00007f2c980c8800 flushing nmethod 0x00007f2c88239e50
Event: 235.627 Thread 0x00007f2c980c8800 flushing nmethod 0x00007f2c8823fe90
Event: 235.627 Thread 0x00007f2c980c8800 flushing nmethod 0x00007f2c88244fd0
Event: 235.627 Thread 0x00007f2c980c8800 flushing nmethod 0x00007f2c88245cd0
Event: 235.627 Thread 0x00007f2c980c8800 flushing nmethod 0x00007f2c88246650
Event: 235.627 Thread 0x00007f2c980c8800 flushing nmethod 0x00007f2c88248b50
Event: 235.627 Thread 0x00007f2c980c8800 flushing nmethod 0x00007f2c88248e90


Dynamic libraries:
00400000-00401000 r-xp 00000000 fd:00 7742604                            /iriswork/tools/jdk/jdk1.8.0_51/bin/java
00600000-00601000 rw-p 00000000 fd:00 7742604                            /iriswork/tools/jdk/jdk1.8.0_51/bin/java
010e0000-01101000 rw-p 00000000 00:00 0                                  [heap]
6c7800000-6d3b80000 rw-p 00000000 00:00 0 
6d3b80000-76d300000 ---p 00000000 00:00 0 
76d300000-783b80000 rw-p 00000000 00:00 0 
783b80000-7c0000000 ---p 00000000 00:00 0 
7c0000000-7c06e0000 rw-p 00000000 00:00 0 
7c06e0000-800000000 ---p 00000000 00:00 0 
7f2bb4000000-7f2bb4021000 rw-p 00000000 00:00 0 
7f2bb4021000-7f2bb8000000 ---p 00000000 00:00 0 
7f2bb8000000-7f2bb8021000 rw-p 00000000 00:00 0 
7f2bb8021000-7f2bbc000000 ---p 00000000 00:00 0 
7f2bbc000000-7f2bbc021000 rw-p 00000000 00:00 0 
7f2bbc021000-7f2bc0000000 ---p 00000000 00:00 0 
7f2bc0000000-7f2bc030a000 rw-p 00000000 00:00 0 
7f2bc030a000-7f2bc4000000 ---p 00000000 00:00 0 
7f2bc4000000-7f2bc4021000 rw-p 00000000 00:00 0 
7f2bc4021000-7f2bc8000000 ---p 00000000 00:00 0 
7f2bc8000000-7f2bc8021000 rw-p 00000000 00:00 0 
7f2bc8021000-7f2bcc000000 ---p 00000000 00:00 0 
7f2bcc000000-7f2bcc021000 rw-p 00000000 00:00 0 
7f2bcc021000-7f2bd0000000 ---p 00000000 00:00 0 
7f2bd0000000-7f2bd0021000 rw-p 00000000 00:00 0 
7f2bd0021000-7f2bd4000000 ---p 00000000 00:00 0 
7f2bd4000000-7f2bd4021000 rw-p 00000000 00:00 0 
7f2bd4021000-7f2bd8000000 ---p 00000000 00:00 0 
7f2bd8000000-7f2bd8021000 rw-p 00000000 00:00 0 
7f2bd8021000-7f2bdc000000 ---p 00000000 00:00 0 
7f2bdc000000-7f2bdc021000 rw-p 00000000 00:00 0 
7f2bdc021000-7f2be0000000 ---p 00000000 00:00 0 
7f2be0000000-7f2be0021000 rw-p 00000000 00:00 0 
7f2be0021000-7f2be4000000 ---p 00000000 00:00 0 
7f2be4000000-7f2be4021000 rw-p 00000000 00:00 0 
7f2be4021000-7f2be8000000 ---p 00000000 00:00 0 
7f2be8000000-7f2be8021000 rw-p 00000000 00:00 0 
7f2be8021000-7f2bec000000 ---p 00000000 00:00 0 
7f2bec000000-7f2bec021000 rw-p 00000000 00:00 0 
7f2bec021000-7f2bf0000000 ---p 00000000 00:00 0 
7f2bf0000000-7f2bf0021000 rw-p 00000000 00:00 0 
7f2bf0021000-7f2bf4000000 ---p 00000000 00:00 0 
7f2bf4000000-7f2bf4021000 rw-p 00000000 00:00 0 
7f2bf4021000-7f2bf8000000 ---p 00000000 00:00 0 
7f2bf8000000-7f2bf8021000 rw-p 00000000 00:00 0 
7f2bf8021000-7f2bfc000000 ---p 00000000 00:00 0 
7f2bfc000000-7f2bfc28b000 rw-p 00000000 00:00 0 
7f2bfc28b000-7f2c00000000 ---p 00000000 00:00 0 
7f2c00000000-7f2c00021000 rw-p 00000000 00:00 0 
7f2c00021000-7f2c04000000 ---p 00000000 00:00 0 
7f2c04000000-7f2c04021000 rw-p 00000000 00:00 0 
7f2c04021000-7f2c08000000 ---p 00000000 00:00 0 
7f2c08000000-7f2c08021000 rw-p 00000000 00:00 0 
7f2c08021000-7f2c0c000000 ---p 00000000 00:00 0 
7f2c0c000000-7f2c0c021000 rw-p 00000000 00:00 0 
7f2c0c021000-7f2c10000000 ---p 00000000 00:00 0 
7f2c10000000-7f2c10021000 rw-p 00000000 00:00 0 
7f2c10021000-7f2c14000000 ---p 00000000 00:00 0 
7f2c14000000-7f2c14328000 rw-p 00000000 00:00 0 
7f2c14328000-7f2c18000000 ---p 00000000 00:00 0 
7f2c18000000-7f2c1821d000 rw-p 00000000 00:00 0 
7f2c1821d000-7f2c1c000000 ---p 00000000 00:00 0 
7f2c1c000000-7f2c1c021000 rw-p 00000000 00:00 0 
7f2c1c021000-7f2c20000000 ---p 00000000 00:00 0 
7f2c20000000-7f2c20cdd000 rw-p 00000000 00:00 0 
7f2c20cdd000-7f2c24000000 ---p 00000000 00:00 0 
7f2c24000000-7f2c24021000 rw-p 00000000 00:00 0 
7f2c24021000-7f2c28000000 ---p 00000000 00:00 0 
7f2c28000000-7f2c28021000 rw-p 00000000 00:00 0 
7f2c28021000-7f2c2c000000 ---p 00000000 00:00 0 
7f2c2c000000-7f2c2c021000 rw-p 00000000 00:00 0 
7f2c2c021000-7f2c30000000 ---p 00000000 00:00 0 
7f2c30000000-7f2c30021000 rw-p 00000000 00:00 0 
7f2c30021000-7f2c34000000 ---p 00000000 00:00 0 
7f2c34000000-7f2c3485e000 rw-p 00000000 00:00 0 
7f2c3485e000-7f2c38000000 ---p 00000000 00:00 0 
7f2c38000000-7f2c38021000 rw-p 00000000 00:00 0 
7f2c38021000-7f2c3c000000 ---p 00000000 00:00 0 
7f2c3c000000-7f2c3c04e000 rw-p 00000000 00:00 0 
7f2c3c04e000-7f2c40000000 ---p 00000000 00:00 0 
7f2c40000000-7f2c40021000 rw-p 00000000 00:00 0 
7f2c40021000-7f2c44000000 ---p 00000000 00:00 0 
7f2c44000000-7f2c44021000 rw-p 00000000 00:00 0 
7f2c44021000-7f2c48000000 ---p 00000000 00:00 0 
7f2c49430000-7f2c50000000 r--p 00000000 fd:00 8782315                    /usr/lib/locale/locale-archive
7f2c50000000-7f2c50021000 rw-p 00000000 00:00 0 
7f2c50021000-7f2c54000000 ---p 00000000 00:00 0 
7f2c54000000-7f2c54021000 rw-p 00000000 00:00 0 
7f2c54021000-7f2c58000000 ---p 00000000 00:00 0 
7f2c58000000-7f2c58021000 rw-p 00000000 00:00 0 
7f2c58021000-7f2c5c000000 ---p 00000000 00:00 0 
7f2c5c3c0000-7f2c64000000 rw-p 00000000 00:00 0 
7f2c64000000-7f2c64021000 rw-p 00000000 00:00 0 
7f2c64021000-7f2c68000000 ---p 00000000 00:00 0 
7f2c69ae5000-7f2c69ae8000 ---p 00000000 00:00 0 
7f2c69ae8000-7f2c69be6000 rw-p 00000000 00:00 0 
7f2c69be6000-7f2c69be9000 ---p 00000000 00:00 0 
7f2c69be9000-7f2c69ce7000 rw-p 00000000 00:00 0 
7f2c69ce7000-7f2c69cea000 ---p 00000000 00:00 0 
7f2c69cea000-7f2c69de8000 rw-p 00000000 00:00 0 
7f2c69de8000-7f2c69deb000 ---p 00000000 00:00 0 
7f2c69deb000-7f2c69ee9000 rw-p 00000000 00:00 0 
7f2c69ee9000-7f2c69eec000 ---p 00000000 00:00 0 
7f2c69eec000-7f2c69fea000 rw-p 00000000 00:00 0 
7f2c69fea000-7f2c69fed000 ---p 00000000 00:00 0 
7f2c69fed000-7f2c6a0eb000 rw-p 00000000 00:00 0 
7f2c6a0eb000-7f2c6a0ee000 ---p 00000000 00:00 0 
7f2c6a0ee000-7f2c6a1ec000 rw-p 00000000 00:00 0 
7f2c6a1ec000-7f2c6a1ef000 ---p 00000000 00:00 0 
7f2c6a1ef000-7f2c6a2ed000 rw-p 00000000 00:00 0 
7f2c6a2ed000-7f2c6a2f0000 ---p 00000000 00:00 0 
7f2c6a2f0000-7f2c6a3ee000 rw-p 00000000 00:00 0 
7f2c6a3ee000-7f2c6a3f1000 ---p 00000000 00:00 0 
7f2c6a3f1000-7f2c6a4ef000 rw-p 00000000 00:00 0 
7f2c6a4ef000-7f2c6a4f2000 ---p 00000000 00:00 0 
7f2c6a4f2000-7f2c6a5f0000 rw-p 00000000 00:00 0 
7f2c6a5f0000-7f2c6a5f3000 ---p 00000000 00:00 0 
7f2c6a5f3000-7f2c6a6f1000 rw-p 00000000 00:00 0 
7f2c6a6f1000-7f2c6a6f4000 ---p 00000000 00:00 0 
7f2c6a6f4000-7f2c6a7f2000 rw-p 00000000 00:00 0 
7f2c6a7f2000-7f2c6a7f5000 ---p 00000000 00:00 0 
7f2c6a7f5000-7f2c6a8f3000 rw-p 00000000 00:00 0 
7f2c6a8f3000-7f2c6a8f6000 ---p 00000000 00:00 0 
7f2c6a8f6000-7f2c6a9f4000 rw-p 00000000 00:00 0 
7f2c6a9f4000-7f2c6a9f7000 ---p 00000000 00:00 0 
7f2c6a9f7000-7f2c6aaf5000 rw-p 00000000 00:00 0 
7f2c6aaf5000-7f2c6aaf8000 ---p 00000000 00:00 0 
7f2c6aaf8000-7f2c6abf6000 rw-p 00000000 00:00 0 
7f2c6abf6000-7f2c6abf9000 ---p 00000000 00:00 0 
7f2c6abf9000-7f2c6acf7000 rw-p 00000000 00:00 0 
7f2c6acf7000-7f2c6acfa000 ---p 00000000 00:00 0 
7f2c6acfa000-7f2c6adf8000 rw-p 00000000 00:00 0 
7f2c6adf8000-7f2c6adfb000 ---p 00000000 00:00 0 
7f2c6adfb000-7f2c6aef9000 rw-p 00000000 00:00 0 
7f2c6aef9000-7f2c6aefc000 ---p 00000000 00:00 0 
7f2c6aefc000-7f2c6affa000 rw-p 00000000 00:00 0 
7f2c6affa000-7f2c6affd000 ---p 00000000 00:00 0 
7f2c6affd000-7f2c6b1fb000 rw-p 00000000 00:00 0 
7f2c6b1fb000-7f2c6b2fb000 ---p 00000000 00:00 0 
7f2c6b2fb000-7f2c6b2fe000 ---p 00000000 00:00 0 
7f2c6b2fe000-7f2c6b3fc000 rw-p 00000000 00:00 0 
7f2c6b3fc000-7f2c6b3ff000 ---p 00000000 00:00 0 
7f2c6b3ff000-7f2c6b6fd000 rw-p 00000000 00:00 0 
7f2c6b6fd000-7f2c6b700000 ---p 00000000 00:00 0 
7f2c6b700000-7f2c6b7fe000 rw-p 00000000 00:00 0 
7f2c6b7fe000-7f2c6b801000 ---p 00000000 00:00 0 
7f2c6b801000-7f2c6baff000 rw-p 00000000 00:00 0 
7f2c6baff000-7f2c6bb02000 ---p 00000000 00:00 0 
7f2c6bb02000-7f2c6be00000 rw-p 00000000 00:00 0 
7f2c6be00000-7f2c6c000000 rw-p 00000000 00:00 0 
7f2c6c000000-7f2c6c021000 rw-p 00000000 00:00 0 
7f2c6c021000-7f2c70000000 ---p 00000000 00:00 0 
7f2c700a0000-7f2c700a3000 ---p 00000000 00:00 0 
7f2c700a3000-7f2c701a1000 rw-p 00000000 00:00 0 
7f2c701a1000-7f2c701a4000 ---p 00000000 00:00 0 
7f2c701a4000-7f2c704a2000 rw-p 00000000 00:00 0 
7f2c704a2000-7f2c706a2000 rw-p 00000000 00:00 0 
7f2c706a2000-7f2c708a2000 rw-p 00000000 00:00 0 
7f2c708a2000-7f2c70aa2000 rw-p 00000000 00:00 0 
7f2c70aa2000-7f2c70ca2000 rw-p 00000000 00:00 0 
7f2c70ca2000-7f2c70ea2000 rw-p 00000000 00:00 0 
7f2c70ea2000-7f2c710a2000 rw-p 00000000 00:00 0 
7f2c710a2000-7f2c712a2000 rw-p 00000000 00:00 0 
7f2c712a2000-7f2c714a2000 rw-p 00000000 00:00 0 
7f2c714a2000-7f2c716a2000 rw-p 00000000 00:00 0 
7f2c716a2000-7f2c716a5000 ---p 00000000 00:00 0 
7f2c716a5000-7f2c719a3000 rw-p 00000000 00:00 0 
7f2c719a3000-7f2c719a6000 ---p 00000000 00:00 0 
7f2c719a6000-7f2c71aa4000 rw-p 00000000 00:00 0 
7f2c71aa4000-7f2c71aa7000 ---p 00000000 00:00 0 
7f2c71aa7000-7f2c71ba5000 rw-p 00000000 00:00 0 
7f2c71ba5000-7f2c71ba8000 ---p 00000000 00:00 0 
7f2c71ba8000-7f2c71ca6000 rw-p 00000000 00:00 0 
7f2c71cd2000-7f2c71cd4000 r--s 0001a000 fd:00 7742796                    /iriswork/tools/jdk/jdk1.8.0_51/jre/lib/jce.jar
7f2c71cd4000-7f2c71cd9000 r--s 002f8000 fd:00 7742787                    /iriswork/tools/jdk/jdk1.8.0_51/jre/lib/charsets.jar
7f2c71cd9000-7f2c71d6e000 r--s 010fb000 fd:00 7742995                    /iriswork/tools/jdk/jdk1.8.0_51/jre/lib/ext/jfxrt.jar
7f2c71d6e000-7f2c71f6e000 rw-p 00000000 00:00 0 
7f2c71f6e000-7f2c71f6f000 ---p 00000000 00:00 0 
7f2c71f6f000-7f2c7206f000 rw-p 00000000 00:00 0 
7f2c7206f000-7f2c72072000 ---p 00000000 00:00 0 
7f2c72072000-7f2c72170000 rw-p 00000000 00:00 0 
7f2c72170000-7f2c72183000 r--s 00344000 fd:00 7742958                    /iriswork/tools/jdk/jdk1.8.0_51/jre/lib/resources.jar
7f2c72183000-7f2c7218d000 r--s 00116000 fd:00 7742994                    /iriswork/tools/jdk/jdk1.8.0_51/jre/lib/ext/localedata.jar
7f2c7218d000-7f2c721a9000 r--s 00393000 fd:00 7742999                    /iriswork/tools/jdk/jdk1.8.0_51/jre/lib/ext/cldrdata.jar
7f2c721a9000-7f2c721ac000 ---p 00000000 00:00 0 
7f2c721ac000-7f2c722aa000 rw-p 00000000 00:00 0 
7f2c722aa000-7f2c722ad000 ---p 00000000 00:00 0 
7f2c722ad000-7f2c723ab000 rw-p 00000000 00:00 0 
7f2c723ab000-7f2c723af000 r--s 00095000 fd:00 7742786                    /iriswork/tools/jdk/jdk1.8.0_51/jre/lib/jsse.jar
7f2c723af000-7f2c723da000 r--s 001fc000 fd:00 10245134                   /iriswork/tools/maven/.m2/repository/com/google/guava/guava/18.0/guava-18.0.jar
7f2c723da000-7f2c723dd000 r--s 0006f000 fd:00 10378531                   /iriswork/tools/maven/.m2/repository/io/springfox/springfox-swagger-ui/2.2.2/springfox-swagger-ui-2.2.2.jar
7f2c723dd000-7f2c723e2000 r--s 0002e000 fd:00 9839433                    /iriswork/tools/maven/.m2/repository/org/springframework/hateoas/spring-hateoas/0.24.0.RELEASE/spring-hateoas-0.24.0.RELEASE.jar
7f2c723e2000-7f2c723e4000 r--s 00000000 fd:00 9839431                    /iriswork/tools/maven/.m2/repository/org/springframework/plugin/spring-plugin-metadata/1.2.0.RELEASE/spring-plugin-metadata-1.2.0.RELEASE.jar
7f2c723e4000-7f2c723e5000 r--s 00004000 fd:00 9839442                    /iriswork/tools/maven/.m2/repository/org/springframework/plugin/spring-plugin-core/1.2.0.RELEASE/spring-plugin-core-1.2.0.RELEASE.jar
7f2c723e5000-7f2c723fe000 r--s 001bf000 fd:00 9967563                    /iriswork/tools/maven/.m2/repository/org/aspectj/aspectjweaver/1.8.13/aspectjweaver-1.8.13.jar
7f2c723fe000-7f2c72402000 r--s 00019000 fd:00 10119561                   /iriswork/tools/maven/.m2/repository/org/aspectj/aspectjrt/1.8.13/aspectjrt-1.8.13.jar
7f2c72402000-7f2c72404000 r--s 00009000 fd:00 9968781                    /iriswork/tools/maven/.m2/repository/org/slf4j/slf4j-api/1.7.25/slf4j-api-1.7.25.jar
7f2c72404000-7f2c72406000 r--s 0000e000 fd:00 10368886                   /iriswork/tools/maven/.m2/repository/com/fasterxml/classmate/1.3.4/classmate-1.3.4.jar
7f2c72406000-7f2c7240a000 r--s 0001e000 fd:00 10378529                   /iriswork/tools/maven/.m2/repository/io/springfox/springfox-spring-web/2.2.2/springfox-spring-web-2.2.2.jar
7f2c7240a000-7f2c7240d000 r--s 00011000 fd:00 10378527                   /iriswork/tools/maven/.m2/repository/io/springfox/springfox-swagger-common/2.2.2/springfox-swagger-common-2.2.2.jar
7f2c7240d000-7f2c7240f000 r--s 0000e000 fd:00 10378525                   /iriswork/tools/maven/.m2/repository/io/springfox/springfox-schema/2.2.2/springfox-schema-2.2.2.jar
7f2c7240f000-7f2c72412000 r--s 00011000 fd:00 10378523                   /iriswork/tools/maven/.m2/repository/io/springfox/springfox-core/2.2.2/springfox-core-2.2.2.jar
7f2c72412000-7f2c72415000 r--s 00009000 fd:00 10378520                   /iriswork/tools/maven/.m2/repository/io/springfox/springfox-spi/2.2.2/springfox-spi-2.2.2.jar
7f2c72415000-7f2c72418000 r--s 0000e000 fd:00 11535336                   /iriswork/tools/maven/.m2/repository/com/fasterxml/jackson/core/jackson-annotations/2.9.0/jackson-annotations-2.9.0.jar
7f2c72418000-7f2c7241b000 r--s 0001b000 fd:00 10378518                   /iriswork/tools/maven/.m2/repository/io/swagger/swagger-models/1.5.3/swagger-models-1.5.3.jar
7f2c7241b000-7f2c7241d000 r--s 00002000 fd:00 10378516                   /iriswork/tools/maven/.m2/repository/io/swagger/swagger-annotations/1.5.3/swagger-annotations-1.5.3.jar
7f2c7241d000-7f2c7241e000 r--s 00003000 fd:00 9839418                    /iriswork/tools/maven/.m2/repository/org/mapstruct/mapstruct/1.0.0.CR1/mapstruct-1.0.0.CR1.jar
7f2c7241e000-7f2c72421000 r--s 0000a000 fd:00 10378514                   /iriswork/tools/maven/.m2/repository/io/springfox/springfox-swagger2/2.2.2/springfox-swagger2-2.2.2.jar
7f2c72421000-7f2c72442000 r--s 000fb000 fd:00 9839430                    /iriswork/tools/maven/.m2/repository/org/springframework/boot/spring-boot-autoconfigure/2.0.2.RELEASE/spring-boot-autoconfigure-2.0.2.RELEASE.jar
7f2c72442000-7f2c72457000 r--s 000ce000 fd:00 9839440                    /iriswork/tools/maven/.m2/repository/org/springframework/boot/spring-boot/2.0.2.RELEASE/spring-boot-2.0.2.RELEASE.jar
7f2c72457000-7f2c7245d000 r--s 0002d000 fd:00 9839424                    /iriswork/tools/maven/.m2/repository/org/springframework/boot/spring-boot-devtools/2.0.2.RELEASE/spring-boot-devtools-2.0.2.RELEASE.jar
7f2c7245d000-7f2c7245f000 r--s 00006000 fd:00 9834911                    /iriswork/tools/maven/.m2/repository/org/latencyutils/LatencyUtils/2.0.3/LatencyUtils-2.0.3.jar
7f2c7245f000-7f2c72461000 r--s 0001b000 fd:00 9835772                    /iriswork/tools/maven/.m2/repository/org/hdrhistogram/HdrHistogram/2.1.10/HdrHistogram-2.1.10.jar
7f2c72461000-7f2c72469000 r--s 0004f000 fd:00 10378535                   /iriswork/tools/maven/.m2/repository/io/micrometer/micrometer-core/1.0.4/micrometer-core-1.0.4.jar
7f2c72469000-7f2c72477000 r--s 00063000 fd:00 9839416                    /iriswork/tools/maven/.m2/repository/org/springframework/boot/spring-boot-actuator/2.0.2.RELEASE/spring-boot-actuator-2.0.2.RELEASE.jar
7f2c72477000-7f2c72484000 r--s 0004f000 fd:00 9839423                    /iriswork/tools/maven/.m2/repository/org/springframework/boot/spring-boot-actuator-autoconfigure/2.0.2.RELEASE/spring-boot-actuator-autoconfigure-2.0.2.RELEASE.jar
7f2c72484000-7f2c72485000 r--s 00000000 fd:00 9839421                    /iriswork/tools/maven/.m2/repository/org/springframework/boot/spring-boot-starter-actuator/2.0.2.RELEASE/spring-boot-starter-actuator-2.0.2.RELEASE.jar
7f2c72485000-7f2c72487000 r--s 00004000 fd:00 9839417                    /iriswork/tools/maven/.m2/repository/org/springframework/spring-jcl/5.0.6.RELEASE/spring-jcl-5.0.6.RELEASE.jar
7f2c72487000-7f2c7249f000 r--s 00114000 fd:00 9968858                    /iriswork/tools/maven/.m2/repository/org/springframework/spring-core/5.0.6.RELEASE/spring-core-5.0.6.RELEASE.jar
7f2c7249f000-7f2c724a4000 r--s 00040000 fd:00 9968857                    /iriswork/tools/maven/.m2/repository/org/springframework/spring-expression/5.0.6.RELEASE/spring-expression-5.0.6.RELEASE.jar
7f2c724a4000-7f2c724be000 r--s 000f1000 fd:00 9968851                    /iriswork/tools/maven/.m2/repository/org/springframework/spring-context/5.0.6.RELEASE/spring-context-5.0.6.RELEASE.jar
7f2c724be000-7f2c724c7000 r--s 00051000 fd:00 9968848                    /iriswork/tools/maven/.m2/repository/org/springframework/spring-aop/5.0.6.RELEASE/spring-aop-5.0.6.RELEASE.jar
7f2c724c7000-7f2c724d6000 r--s 000b2000 fd:00 10119495                   /iriswork/tools/maven/.m2/repository/org/springframework/spring-webmvc/5.0.6.RELEASE/spring-webmvc-5.0.6.RELEASE.jar
7f2c724d6000-7f2c724e2000 r--s 00096000 fd:00 9968850                    /iriswork/tools/maven/.m2/repository/org/springframework/spring-beans/5.0.6.RELEASE/spring-beans-5.0.6.RELEASE.jar
7f2c724e2000-7f2c724fc000 r--s 00119000 fd:00 9968856                    /iriswork/tools/maven/.m2/repository/org/springframework/spring-web/5.0.6.RELEASE/spring-web-5.0.6.RELEASE.jar
7f2c724fc000-7f2c724fe000 r--s 0000f000 fd:00 10368824                   /iriswork/tools/maven/.m2/repository/org/jboss/logging/jboss-logging/3.3.2.Final/jboss-logging-3.3.2.Final.jar
7f2c724fe000-7f2c72503000 r--s 00012000 fd:00 9968740                    /iriswork/tools/maven/.m2/repository/javax/validation/validation-api/2.0.1.Final/validation-api-2.0.1.Final.jar
7f2c72503000-7f2c72520000 r--s 000f8000 fd:00 9967516                    /iriswork/tools/maven/.m2/repository/org/hibernate/validator/hibernate-validator/6.0.9.Final/hibernate-validator-6.0.9.Final.jar
7f2c72520000-7f2c72525000 r--s 0003a000 fd:00 9839429                    /iriswork/tools/maven/.m2/repository/org/apache/tomcat/embed/tomcat-embed-websocket/8.5.31/tomcat-embed-websocket-8.5.31.jar
7f2c72525000-7f2c72529000 r--s 00037000 fd:00 9839426                    /iriswork/tools/maven/.m2/repository/org/apache/tomcat/embed/tomcat-embed-el/8.5.31/tomcat-embed-el-8.5.31.jar
7f2c72529000-7f2c72552000 r--s 002d0000 fd:00 9839435                    /iriswork/tools/maven/.m2/repository/org/apache/tomcat/embed/tomcat-embed-core/8.5.31/tomcat-embed-core-8.5.31.jar
7f2c72552000-7f2c72553000 r--s 00000000 fd:00 9839401                    /iriswork/tools/maven/.m2/repository/org/springframework/boot/spring-boot-starter-tomcat/2.0.2.RELEASE/spring-boot-starter-tomcat-2.0.2.RELEASE.jar
7f2c72553000-7f2c72555000 r--s 00001000 fd:00 11280379                   /iriswork/tools/maven/.m2/repository/com/fasterxml/jackson/module/jackson-module-parameter-names/2.9.5/jackson-module-parameter-names-2.9.5.jar
7f2c72555000-7f2c72558000 r--s 00016000 fd:00 11280377                   /iriswork/tools/maven/.m2/repository/com/fasterxml/jackson/datatype/jackson-datatype-jsr310/2.9.5/jackson-datatype-jsr310-2.9.5.jar
7f2c72558000-7f2c7255a000 r--s 00007000 fd:00 11280375                   /iriswork/tools/maven/.m2/repository/com/fasterxml/jackson/datatype/jackson-datatype-jdk8/2.9.5/jackson-datatype-jdk8-2.9.5.jar
7f2c7255a000-7f2c7256d000 r--s 00135000 fd:00 11534497                   /iriswork/tools/maven/.m2/repository/com/fasterxml/jackson/core/jackson-databind/2.9.5/jackson-databind-2.9.5.jar
7f2c7256d000-7f2c7256e000 r--s 00000000 fd:00 9839404                    /iriswork/tools/maven/.m2/repository/org/springframework/boot/spring-boot-starter-json/2.0.2.RELEASE/spring-boot-starter-json-2.0.2.RELEASE.jar
7f2c7256e000-7f2c72575000 r--s 00042000 fd:00 9835790                    /iriswork/tools/maven/.m2/repository/org/yaml/snakeyaml/1.19/snakeyaml-1.19.jar
7f2c72575000-7f2c72577000 r--s 00005000 fd:00 9838399                    /iriswork/tools/maven/.m2/repository/javax/annotation/javax.annotation-api/1.3.2/javax.annotation-api-1.3.2.jar
7f2c72577000-7f2c72579000 r--s 00000000 fd:00 10123122                   /iriswork/tools/maven/.m2/repository/org/slf4j/jul-to-slf4j/1.7.25/jul-to-slf4j-1.7.25.jar
7f2c72579000-7f2c7257f000 r--s 00039000 fd:00 9835786                    /iriswork/tools/maven/.m2/repository/org/apache/logging/log4j/log4j-api/2.10.0/log4j-api-2.10.0.jar
7f2c7257f000-7f2c72581000 r--s 00003000 fd:00 9835784                    /iriswork/tools/maven/.m2/repository/org/apache/logging/log4j/log4j-to-slf4j/2.10.0/log4j-to-slf4j-2.10.0.jar
7f2c72581000-7f2c7258c000 r--s 00069000 fd:00 9968734                    /iriswork/tools/maven/.m2/repository/ch/qos/logback/logback-core/1.2.3/logback-core-1.2.3.jar
7f2c7258c000-7f2c72592000 r--s 00041000 fd:00 9968732                    /iriswork/tools/maven/.m2/repository/ch/qos/logback/logback-classic/1.2.3/logback-classic-1.2.3.jar
7f2c72592000-7f2c72593000 r--s 00000000 fd:00 9839402                    /iriswork/tools/maven/.m2/repository/org/springframework/boot/spring-boot-starter-logging/2.0.2.RELEASE/spring-boot-starter-logging-2.0.2.RELEASE.jar
7f2c72593000-7f2c72594000 r--s 00000000 fd:00 9839400                    /iriswork/tools/maven/.m2/repository/org/springframework/boot/spring-boot-starter/2.0.2.RELEASE/spring-boot-starter-2.0.2.RELEASE.jar
7f2c72594000-7f2c72595000 r--s 00000000 fd:00 9839403                    /iriswork/tools/maven/.m2/repository/org/springframework/boot/spring-boot-starter-web/2.0.2.RELEASE/spring-boot-starter-web-2.0.2.RELEASE.jar
7f2c72595000-7f2c72597000 r--s 00003000 fd:00 9836315                    /iriswork/tools/maven/.m2/repository/com/netflix/ribbon/ribbon-eureka/2.2.5/ribbon-eureka-2.2.5.jar
7f2c72597000-7f2c725b0000 r--s 00102000 fd:00 10368855                   /iriswork/tools/maven/.m2/repository/io/reactivex/rxjava/1.3.8/rxjava-1.3.8.jar
7f2c725b0000-7f2c725b2000 r--s 00002000 fd:00 9834979                    /iriswork/tools/maven/.m2/repository/com/netflix/netflix-commons/netflix-statistics/0.1.1/netflix-statistics-0.1.1.jar
7f2c725b2000-7f2c725b6000 r--s 00024000 fd:00 9836313                    /iriswork/tools/maven/.m2/repository/com/netflix/ribbon/ribbon-loadbalancer/2.2.5/ribbon-loadbalancer-2.2.5.jar
7f2c725b6000-7f2c725b8000 r--s 00001000 fd:00 9835380                    /iriswork/tools/maven/.m2/repository/com/netflix/netflix-commons/netflix-commons-util/0.3.0/netflix-commons-util-0.3.0.jar
7f2c725b8000-7f2c725c5000 r--s 00083000 fd:00 9967348                    /iriswork/tools/maven/.m2/repository/commons-collections/commons-collections/3.2.2/commons-collections-3.2.2.jar
7f2c725c5000-7f2c725c7000 r--s 0000c000 fd:00 9836311                    /iriswork/tools/maven/.m2/repository/com/netflix/ribbon/ribbon-httpclient/2.2.5/ribbon-httpclient-2.2.5.jar
7f2c725c7000-7f2c725cb000 r--s 00011000 fd:00 9836309                    /iriswork/tools/maven/.m2/repository/com/netflix/ribbon/ribbon-core/2.2.5/ribbon-core-2.2.5.jar
7f2c725cb000-7f2c725d5000 r--s 00059000 fd:00 10368853                   /iriswork/tools/maven/.m2/repository/io/reactivex/rxnetty/0.4.9/rxnetty-0.4.9.jar
7f2c725d5000-7f2c725e2000 r--s 00066000 fd:00 9835374                    /iriswork/tools/maven/.m2/repository/com/netflix/hystrix/hystrix-core/1.5.18/hystrix-core-1.5.18.jar
7f2c725e2000-7f2c725e4000 r--s 00006000 fd:00 10368851                   /iriswork/tools/maven/.m2/repository/io/reactivex/rxnetty-servo/0.4.9/rxnetty-servo-0.4.9.jar
7f2c725e4000-7f2c725e7000 r--s 0000b000 fd:00 10368849                   /iriswork/tools/maven/.m2/repository/io/reactivex/rxnetty-contexts/0.4.9/rxnetty-contexts-0.4.9.jar
7f2c725e7000-7f2c725e8000 r--s 00009000 fd:00 9836307                    /iriswork/tools/maven/.m2/repository/com/netflix/ribbon/ribbon-transport/2.2.5/ribbon-transport-2.2.5.jar
7f2c725e8000-7f2c725ec000 r--s 00012000 fd:00 9836305                    /iriswork/tools/maven/.m2/repository/com/netflix/ribbon/ribbon/2.2.5/ribbon-2.2.5.jar
7f2c725ec000-7f2c725ed000 r--s 00000000 fd:00 9839629                    /iriswork/tools/maven/.m2/repository/org/springframework/cloud/spring-cloud-starter-netflix-ribbon/2.0.4.BUILD-SNAPSHOT/spring-cloud-starter-netflix-ribbon-2.0.4.BUILD-SNAPSHOT.jar
7f2c725ed000-7f2c725f2000 r--s 00041000 fd:00 9966378                    /iriswork/tools/maven/.m2/repository/commons-lang/commons-lang/2.6/commons-lang-2.6.jar
7f2c725f2000-7f2c725f9000 r--s 00050000 fd:00 9834959                    /iriswork/tools/maven/.m2/repository/commons-configuration/commons-configuration/1.8/commons-configuration-1.8.jar
7f2c725f9000-7f2c725fa000 r--s 00003000 fd:00 9839628                    /iriswork/tools/maven/.m2/repository/org/springframework/cloud/spring-cloud-netflix-archaius/2.0.4.BUILD-SNAPSHOT/spring-cloud-netflix-archaius-2.0.4.BUILD-SNAPSHOT.jar
7f2c725fa000-7f2c725fd000 r--s 00017000 fd:00 9839627                    /iriswork/tools/maven/.m2/repository/org/springframework/cloud/spring-cloud-netflix-ribbon/2.0.4.BUILD-SNAPSHOT/spring-cloud-netflix-ribbon-2.0.4.BUILD-SNAPSHOT.jar
7f2c725fd000-7f2c725fe000 r--s 00000000 fd:00 9839626                    /iriswork/tools/maven/.m2/repository/org/springframework/cloud/spring-cloud-starter-netflix-archaius/2.0.4.BUILD-SNAPSHOT/spring-cloud-starter-netflix-archaius-2.0.4.BUILD-SNAPSHOT.jar
7f2c725fe000-7f2c72600000 r--s 00005000 fd:00 10379131                   /iriswork/tools/maven/.m2/repository/xpp3/xpp3_min/1.1.4c/xpp3_min-1.1.4c.jar
7f2c72600000-7f2c72601000 r--s 00001000 fd:00 9834962                    /iriswork/tools/maven/.m2/repository/xmlpull/xmlpull/1.1.3.1/xmlpull-1.1.3.1.jar
7f2c72601000-7f2c7260f000 r--s 00082000 fd:00 10368873                   /iriswork/tools/maven/.m2/repository/com/thoughtworks/xstream/xstream/1.4.10/xstream-1.4.10.jar
7f2c7260f000-7f2c72615000 r--s 00078000 fd:00 10368848                   /iriswork/tools/maven/.m2/repository/com/fasterxml/woodstox/woodstox-core/5.0.3/woodstox-core-5.0.3.jar
7f2c72615000-7f2c72619000 r--s 00024000 fd:00 10490731                   /iriswork/tools/maven/.m2/repository/org/codehaus/woodstox/stax2-api/3.1.4/stax2-api-3.1.4.jar
7f2c72619000-7f2c7261c000 r--s 00016000 fd:00 11280381                   /iriswork/tools/maven/.m2/repository/com/fasterxml/jackson/dataformat/jackson-dataformat-xml/2.9.5/jackson-dataformat-xml-2.9.5.jar
7f2c7261c000-7f2c7261e000 r--s 00003000 fd:00 10619149                   /iriswork/tools/maven/.m2/repository/com/google/code/findbugs/jsr305/3.0.1/jsr305-3.0.1.jar
7f2c7261e000-7f2c72622000 r--s 0001f000 fd:00 9835366                    /iriswork/tools/maven/.m2/repository/com/netflix/archaius/archaius-core/0.7.6/archaius-core-0.7.6.jar
7f2c72622000-7f2c72624000 r--s 00004000 fd:00 10490329                   /iriswork/tools/maven/.m2/repository/javax/xml/stream/stax-api/1.0-2/stax-api-1.0-2.jar
7f2c72624000-7f2c7262a000 r--s 00071000 fd:00 10490729                   /iriswork/tools/maven/.m2/repository/org/codehaus/woodstox/woodstox-core-asl/4.4.1/woodstox-core-asl-4.4.1.jar
7f2c7262a000-7f2c7262f000 r--s 00039000 fd:00 9836294                    /iriswork/tools/maven/.m2/repository/com/netflix/eureka/eureka-core/1.9.3/eureka-core-1.9.3.jar
7f2c7262f000-7f2c7263f000 r--s 0009d000 fd:00 9834948                    /iriswork/tools/maven/.m2/repository/com/sun/jersey/jersey-server/1.19.1/jersey-server-1.19.1.jar
7f2c7263f000-7f2c72643000 r--s 0001c000 fd:00 9834946                    /iriswork/tools/maven/.m2/repository/com/sun/jersey/jersey-servlet/1.19.1/jersey-servlet-1.19.1.jar
7f2c72643000-7f2c72647000 r--s 0004b000 fd:00 11280385                   /iriswork/tools/maven/.m2/repository/com/fasterxml/jackson/core/jackson-core/2.9.5/jackson-core-2.9.5.jar
7f2c72647000-7f2c7264c000 r--s 00024000 fd:00 9967346                    /iriswork/tools/maven/.m2/repository/com/github/andrewoma/dexx/dexx-collections/0.2/dexx-collections-0.2.jar
7f2c7264c000-7f2c7264e000 r--s 00000000 fd:00 9966106                    /iriswork/tools/maven/.m2/repository/aopalliance/aopalliance/1.0/aopalliance-1.0.jar
7f2c7264e000-7f2c7265c000 r--s 00097000 fd:00 9967306                    /iriswork/tools/maven/.m2/repository/com/google/inject/guice/4.1.0/guice-4.1.0.jar
7f2c7265c000-7f2c72663000 r--s 0004b000 fd:00 9967286                    /iriswork/tools/maven/.m2/repository/commons-codec/commons-codec/1.11/commons-codec-1.11.jar
7f2c72663000-7f2c7266a000 r--s 00049000 fd:00 9967524                    /iriswork/tools/maven/.m2/repository/org/apache/httpcomponents/httpcore/4.4.9/httpcore-4.4.9.jar
7f2c7266a000-7f2c72678000 r--s 000ae000 fd:00 9967522                    /iriswork/tools/maven/.m2/repository/org/apache/httpcomponents/httpclient/4.5.5/httpclient-4.5.5.jar
7f2c72678000-7f2c7267a000 r--s 00003000 fd:00 9834939                    /iriswork/tools/maven/.m2/repository/com/sun/jersey/contribs/jersey-apache-client4/1.19.1/jersey-apache-client4-1.19.1.jar
7f2c7267a000-7f2c7267d000 r--s 0001e000 fd:00 9834937                    /iriswork/tools/maven/.m2/repository/com/sun/jersey/jersey-client/1.19.1/jersey-client-1.19.1.jar
7f2c7267d000-7f2c72687000 r--s 00061000 fd:00 9834935                    /iriswork/tools/maven/.m2/repository/com/sun/jersey/jersey-core/1.19.1/jersey-core-1.19.1.jar
7f2c72687000-7f2c7268c000 r--s 00033000 fd:00 9835362                    /iriswork/tools/maven/.m2/repository/com/netflix/servo/servo-core/0.12.21/servo-core-0.12.21.jar
7f2c7268c000-7f2c7269f000 r--s 000df000 fd:00 9967280                    /iriswork/tools/maven/.m2/repository/org/apache/commons/commons-math/2.2/commons-math-2.2.jar
7f2c7269f000-7f2c726a4000 r--s 00036000 fd:00 10619568                   /iriswork/tools/maven/.m2/repository/com/google/code/gson/gson/2.8.4/gson-2.8.4.jar
7f2c726a4000-7f2c726a9000 r--s 00068000 fd:00 1315914                    /iriswork/tools/maven/.m2/repository/antlr/antlr/2.7.7/antlr-2.7.7.jar
7f2c726a9000-7f2c726ac000 r--s 00022000 fd:00 9834929                    /iriswork/tools/maven/.m2/repository/org/antlr/stringtemplate/3.2.1/stringtemplate-3.2.1.jar
7f2c726ac000-7f2c726bd000 r--s 0008a000 fd:00 10245187                   /iriswork/tools/maven/.m2/repository/joda-time/joda-time/2.9.9/joda-time-2.9.9.jar
7f2c726bd000-7f2c726c3000 r--s 00044000 fd:00 9834925                    /iriswork/tools/maven/.m2/repository/commons-jxpath/commons-jxpath/1.3/commons-jxpath-1.3.jar
7f2c726c3000-7f2c7271b000 r--s 003a7000 fd:00 9968625                    /iriswork/tools/maven/.m2/repository/org/bouncycastle/bcprov-jdk15on/1.60/bcprov-jdk15on-1.60.jar
7f2c7271b000-7f2c72731000 r-xp 00000000 fd:00 8805262                    /usr/lib64/libgcc_s-7-20180712.so.1
7f2c72731000-7f2c72930000 ---p 00016000 fd:00 8805262                    /usr/lib64/libgcc_s-7-20180712.so.1
7f2c72930000-7f2c72931000 r--p 00015000 fd:00 8805262                    /usr/lib64/libgcc_s-7-20180712.so.1
7f2c72931000-7f2c72932000 rw-p 00016000 fd:00 8805262                    /usr/lib64/libgcc_s-7-20180712.so.1
7f2c72932000-7f2c72941000 r-xp 00000000 fd:00 8795646                    /usr/lib64/libnss_myhostname.so.2
7f2c72941000-7f2c72b41000 ---p 0000f000 fd:00 8795646                    /usr/lib64/libnss_myhostname.so.2
7f2c72b41000-7f2c72b43000 r--p 0000f000 fd:00 8795646                    /usr/lib64/libnss_myhostname.so.2
7f2c72b43000-7f2c72b44000 rw-p 00011000 fd:00 8795646                    /usr/lib64/libnss_myhostname.so.2
7f2c72b44000-7f2c72b49000 r-xp 00000000 fd:00 8792733                    /usr/lib64/libnss_dns-2.26.so
7f2c72b49000-7f2c72d48000 ---p 00005000 fd:00 8792733                    /usr/lib64/libnss_dns-2.26.so
7f2c72d48000-7f2c72d49000 r--p 00004000 fd:00 8792733                    /usr/lib64/libnss_dns-2.26.so
7f2c72d49000-7f2c72d4a000 rw-p 00005000 fd:00 8792733                    /usr/lib64/libnss_dns-2.26.so
7f2c72d4a000-7f2c72d5d000 r-xp 00000000 fd:00 8792809                    /usr/lib64/libresolv-2.26.so
7f2c72d5d000-7f2c72f5d000 ---p 00013000 fd:00 8792809                    /usr/lib64/libresolv-2.26.so
7f2c72f5d000-7f2c72f5e000 r--p 00013000 fd:00 8792809                    /usr/lib64/libresolv-2.26.so
7f2c72f5e000-7f2c72f5f000 rw-p 00014000 fd:00 8792809                    /usr/lib64/libresolv-2.26.so
7f2c72f5f000-7f2c72f61000 rw-p 00000000 00:00 0 
7f2c72f61000-7f2c72f64000 r-xp 00000000 fd:00 8793916                    /usr/lib64/libnss_mdns4_minimal.so.2
7f2c72f64000-7f2c73163000 ---p 00003000 fd:00 8793916                    /usr/lib64/libnss_mdns4_minimal.so.2
7f2c73163000-7f2c73164000 r--p 00002000 fd:00 8793916                    /usr/lib64/libnss_mdns4_minimal.so.2
7f2c73164000-7f2c73165000 rw-p 00000000 00:00 0 
7f2c73165000-7f2c73170000 r-xp 00000000 fd:00 8792734                    /usr/lib64/libnss_files-2.26.so
7f2c73170000-7f2c7336f000 ---p 0000b000 fd:00 8792734                    /usr/lib64/libnss_files-2.26.so
7f2c7336f000-7f2c73370000 r--p 0000a000 fd:00 8792734                    /usr/lib64/libnss_files-2.26.so
7f2c73370000-7f2c73371000 rw-p 0000b000 fd:00 8792734                    /usr/lib64/libnss_files-2.26.so
7f2c73371000-7f2c73377000 rw-p 00000000 00:00 0 
7f2c73377000-7f2c73378000 r--s 00007000 fd:00 11280383                   /iriswork/tools/maven/.m2/repository/com/fasterxml/jackson/module/jackson-module-jaxb-annotations/2.9.5/jackson-module-jaxb-annotations-2.9.5.jar
7f2c73378000-7f2c7337c000 r--s 00025000 fd:00 9834927                    /iriswork/tools/maven/.m2/repository/org/antlr/antlr-runtime/3.4/antlr-runtime-3.4.jar
7f2c7337c000-7f2c73398000 r--s 00159000 fd:00 9968538                    /iriswork/tools/maven/.m2/repository/org/freemarker/freemarker/2.3.28/freemarker-2.3.28.jar
7f2c73398000-7f2c733a9000 r-xp 00000000 fd:00 7743078                    /iriswork/tools/jdk/jdk1.8.0_51/jre/lib/amd64/libnio.so
7f2c733a9000-7f2c735a8000 ---p 00011000 fd:00 7743078                    /iriswork/tools/jdk/jdk1.8.0_51/jre/lib/amd64/libnio.so
7f2c735a8000-7f2c735a9000 rw-p 00010000 fd:00 7743078                    /iriswork/tools/jdk/jdk1.8.0_51/jre/lib/amd64/libnio.so
7f2c735a9000-7f2c735da000 rw-p 00000000 00:00 0 
7f2c735da000-7f2c735f0000 r-xp 00000000 fd:00 7743025                    /iriswork/tools/jdk/jdk1.8.0_51/jre/lib/amd64/libnet.so
7f2c735f0000-7f2c737f0000 ---p 00016000 fd:00 7743025                    /iriswork/tools/jdk/jdk1.8.0_51/jre/lib/amd64/libnet.so
7f2c737f0000-7f2c737f1000 rw-p 00016000 fd:00 7743025                    /iriswork/tools/jdk/jdk1.8.0_51/jre/lib/amd64/libnet.so
7f2c737f1000-7f2c737f9000 r-xp 00000000 fd:00 7743048                    /iriswork/tools/jdk/jdk1.8.0_51/jre/lib/amd64/libmanagement.so
7f2c737f9000-7f2c739f9000 ---p 00008000 fd:00 7743048                    /iriswork/tools/jdk/jdk1.8.0_51/jre/lib/amd64/libmanagement.so
7f2c739f9000-7f2c739fa000 rw-p 00008000 fd:00 7743048                    /iriswork/tools/jdk/jdk1.8.0_51/jre/lib/amd64/libmanagement.so
7f2c739fa000-7f2c739fd000 ---p 00000000 00:00 0 
7f2c739fd000-7f2c73afb000 rw-p 00000000 00:00 0 
7f2c73afb000-7f2c73afc000 ---p 00000000 00:00 0 
7f2c73afc000-7f2c73aff000 ---p 00000000 00:00 0 
7f2c73aff000-7f2c73bfc000 rw-p 00000000 00:00 0 
7f2c73bfc000-7f2c73bfd000 ---p 00000000 00:00 0 
7f2c73bfd000-7f2c73c00000 ---p 00000000 00:00 0 
7f2c73c00000-7f2c73cfd000 rw-p 00000000 00:00 0 
7f2c73cfd000-7f2c73cfe000 ---p 00000000 00:00 0 
7f2c73cfe000-7f2c73d01000 ---p 00000000 00:00 0 
7f2c73d01000-7f2c73dfe000 rw-p 00000000 00:00 0 
7f2c73dfe000-7f2c73e01000 ---p 00000000 00:00 0 
7f2c73e01000-7f2c73eff000 rw-p 00000000 00:00 0 
7f2c73eff000-7f2c73f02000 ---p 00000000 00:00 0 
7f2c73f02000-7f2c74000000 rw-p 00000000 00:00 0 
7f2c74000000-7f2c74021000 rw-p 00000000 00:00 0 
7f2c74021000-7f2c78000000 ---p 00000000 00:00 0 
7f2c78000000-7f2c78021000 rw-p 00000000 00:00 0 
7f2c78021000-7f2c7c000000 ---p 00000000 00:00 0 
7f2c7c000000-7f2c7c021000 rw-p 00000000 00:00 0 
7f2c7c021000-7f2c80000000 ---p 00000000 00:00 0 
7f2c80000000-7f2c80021000 rw-p 00000000 00:00 0 
7f2c80021000-7f2c84000000 ---p 00000000 00:00 0 
7f2c84000000-7f2c84002000 r--s 0000a000 fd:00 10490446                   /iriswork/tools/maven/.m2/repository/javax/ws/rs/jsr311-api/1.1.1/jsr311-api-1.1.1.jar
7f2c84002000-7f2c84005000 r--s 00016000 fd:00 9834923                    /iriswork/tools/maven/.m2/repository/com/netflix/netflix-commons/netflix-infix/0.3.0/netflix-infix-0.3.0.jar
7f2c84005000-7f2c84007000 r--s 0000f000 fd:00 9834921                    /iriswork/tools/maven/.m2/repository/com/netflix/netflix-commons/netflix-eventbus/0.3.0/netflix-eventbus-0.3.0.jar
7f2c84007000-7f2c84009000 r--s 00005000 fd:00 9962669                    /iriswork/tools/maven/.m2/repository/stax/stax-api/1.0.1/stax-api-1.0.1.jar
7f2c84009000-7f2c8401c000 r--s 000b0000 fd:00 9967340                    /iriswork/tools/maven/.m2/repository/org/bouncycastle/bcpkix-jdk15on/1.60/bcpkix-jdk15on-1.60.jar
7f2c8401c000-7f2c8401f000 ---p 00000000 00:00 0 
7f2c8401f000-7f2c8411d000 rw-p 00000000 00:00 0 
7f2c8411d000-7f2c8411e000 ---p 00000000 00:00 0 
7f2c8411e000-7f2c85848000 rw-p 00000000 00:00 0 
7f2c85848000-7f2c85a20000 r--s 03d0c000 fd:00 7742962                    /iriswork/tools/jdk/jdk1.8.0_51/jre/lib/rt.jar
7f2c85a20000-7f2c869e4000 rw-p 00000000 00:00 0 
7f2c869e4000-7f2c869e5000 ---p 00000000 00:00 0 
7f2c869e5000-7f2c86ae5000 rw-p 00000000 00:00 0 
7f2c86ae5000-7f2c86ae6000 ---p 00000000 00:00 0 
7f2c86ae6000-7f2c86be6000 rw-p 00000000 00:00 0 
7f2c86be6000-7f2c86be7000 ---p 00000000 00:00 0 
7f2c86be7000-7f2c86ce7000 rw-p 00000000 00:00 0 
7f2c86ce7000-7f2c86ce8000 ---p 00000000 00:00 0 
7f2c86ce8000-7f2c86de8000 rw-p 00000000 00:00 0 
7f2c86de8000-7f2c86de9000 ---p 00000000 00:00 0 
7f2c86de9000-7f2c86f4b000 rw-p 00000000 00:00 0 
7f2c86f4b000-7f2c87417000 ---p 00000000 00:00 0 
7f2c87417000-7f2c87479000 rw-p 00000000 00:00 0 
7f2c87479000-7f2c87944000 ---p 00000000 00:00 0 
7f2c87944000-7f2c879f9000 rw-p 00000000 00:00 0 
7f2c879f9000-7f2c87bdb000 ---p 00000000 00:00 0 
7f2c87bdb000-7f2c87c05000 rw-p 00000000 00:00 0 
7f2c87c05000-7f2c87f9c000 ---p 00000000 00:00 0 
7f2c87f9c000-7f2c889ac000 rwxp 00000000 00:00 0 
7f2c889ac000-7f2c96f9c000 ---p 00000000 00:00 0 
7f2c96f9c000-7f2c96fb6000 r-xp 00000000 fd:00 7743031                    /iriswork/tools/jdk/jdk1.8.0_51/jre/lib/amd64/libzip.so
7f2c96fb6000-7f2c971b6000 ---p 0001a000 fd:00 7743031                    /iriswork/tools/jdk/jdk1.8.0_51/jre/lib/amd64/libzip.so
7f2c971b6000-7f2c971b7000 rw-p 0001a000 fd:00 7743031                    /iriswork/tools/jdk/jdk1.8.0_51/jre/lib/amd64/libzip.so
7f2c971b7000-7f2c979bc000 r--s 00000000 fd:00 5268009                    /var/lib/sss/mc/passwd
7f2c979bc000-7f2c979c4000 r-xp 00000000 fd:00 8808229                    /usr/lib64/libnss_sss.so.2
7f2c979c4000-7f2c97bc3000 ---p 00008000 fd:00 8808229                    /usr/lib64/libnss_sss.so.2
7f2c97bc3000-7f2c97bc4000 r--p 00007000 fd:00 8808229                    /usr/lib64/libnss_sss.so.2
7f2c97bc4000-7f2c97bc5000 rw-p 00008000 fd:00 8808229                    /usr/lib64/libnss_sss.so.2
7f2c97bc5000-7f2c97bef000 r-xp 00000000 fd:00 7743034                    /iriswork/tools/jdk/jdk1.8.0_51/jre/lib/amd64/libjava.so
7f2c97bef000-7f2c97def000 ---p 0002a000 fd:00 7743034                    /iriswork/tools/jdk/jdk1.8.0_51/jre/lib/amd64/libjava.so
7f2c97def000-7f2c97df1000 rw-p 0002a000 fd:00 7743034                    /iriswork/tools/jdk/jdk1.8.0_51/jre/lib/amd64/libjava.so
7f2c97df1000-7f2c97dfe000 r-xp 00000000 fd:00 7743081                    /iriswork/tools/jdk/jdk1.8.0_51/jre/lib/amd64/libverify.so
7f2c97dfe000-7f2c97ffe000 ---p 0000d000 fd:00 7743081                    /iriswork/tools/jdk/jdk1.8.0_51/jre/lib/amd64/libverify.so
7f2c97ffe000-7f2c98000000 rw-p 0000d000 fd:00 7743081                    /iriswork/tools/jdk/jdk1.8.0_51/jre/lib/amd64/libverify.so
7f2c98000000-7f2c98e5c000 rw-p 00000000 00:00 0 
7f2c98e5c000-7f2c9c000000 ---p 00000000 00:00 0 
7f2c9c000000-7f2c9c001000 r--s 00000000 fd:00 9834943                    /iriswork/tools/maven/.m2/repository/javax/inject/javax.inject/1/javax.inject-1.jar
7f2c9c001000-7f2c9c004000 r--s 00012000 fd:00 10490443                   /iriswork/tools/maven/.m2/repository/org/codehaus/jettison/jettison/1.3.7/jettison-1.3.7.jar
7f2c9c004000-7f2c9c00e000 r--s 00062000 fd:00 9836289                    /iriswork/tools/maven/.m2/repository/com/netflix/eureka/eureka-client/1.9.3/eureka-client-1.9.3.jar
7f2c9c00e000-7f2c9c0a5000 rw-p 00000000 00:00 0 
7f2c9c0a5000-7f2c9c0a6000 ---p 00000000 00:00 0 
7f2c9c0a6000-7f2c9c1a6000 rw-p 00000000 00:00 0 
7f2c9c1a6000-7f2c9c1ad000 r-xp 00000000 fd:00 8792836                    /usr/lib64/librt-2.26.so
7f2c9c1ad000-7f2c9c3ac000 ---p 00007000 fd:00 8792836                    /usr/lib64/librt-2.26.so
7f2c9c3ac000-7f2c9c3ad000 r--p 00006000 fd:00 8792836                    /usr/lib64/librt-2.26.so
7f2c9c3ad000-7f2c9c3ae000 rw-p 00007000 fd:00 8792836                    /usr/lib64/librt-2.26.so
7f2c9c3ae000-7f2c9c4f8000 r-xp 00000000 fd:00 8792319                    /usr/lib64/libm-2.26.so
7f2c9c4f8000-7f2c9c6f7000 ---p 0014a000 fd:00 8792319                    /usr/lib64/libm-2.26.so
7f2c9c6f7000-7f2c9c6f8000 r--p 00149000 fd:00 8792319                    /usr/lib64/libm-2.26.so
7f2c9c6f8000-7f2c9c6f9000 rw-p 0014a000 fd:00 8792319                    /usr/lib64/libm-2.26.so
7f2c9c6f9000-7f2c9d3a7000 r-xp 00000000 fd:00 7743043                    /iriswork/tools/jdk/jdk1.8.0_51/jre/lib/amd64/server/libjvm.so
7f2c9d3a7000-7f2c9d5a7000 ---p 00cae000 fd:00 7743043                    /iriswork/tools/jdk/jdk1.8.0_51/jre/lib/amd64/server/libjvm.so
7f2c9d5a7000-7f2c9d67e000 rw-p 00cae000 fd:00 7743043                    /iriswork/tools/jdk/jdk1.8.0_51/jre/lib/amd64/server/libjvm.so
7f2c9d67e000-7f2c9d6c2000 rw-p 00000000 00:00 0 
7f2c9d6c2000-7f2c9d86e000 r-xp 00000000 fd:00 8792171                    /usr/lib64/libc-2.26.so
7f2c9d86e000-7f2c9da6e000 ---p 001ac000 fd:00 8792171                    /usr/lib64/libc-2.26.so
7f2c9da6e000-7f2c9da72000 r--p 001ac000 fd:00 8792171                    /usr/lib64/libc-2.26.so
7f2c9da72000-7f2c9da74000 rw-p 001b0000 fd:00 8792171                    /usr/lib64/libc-2.26.so
7f2c9da74000-7f2c9da78000 rw-p 00000000 00:00 0 
7f2c9da78000-7f2c9da7b000 r-xp 00000000 fd:00 8792264                    /usr/lib64/libdl-2.26.so
7f2c9da7b000-7f2c9dc7a000 ---p 00003000 fd:00 8792264                    /usr/lib64/libdl-2.26.so
7f2c9dc7a000-7f2c9dc7b000 r--p 00002000 fd:00 8792264                    /usr/lib64/libdl-2.26.so
7f2c9dc7b000-7f2c9dc7c000 rw-p 00003000 fd:00 8792264                    /usr/lib64/libdl-2.26.so
7f2c9dc7c000-7f2c9dc91000 r-xp 00000000 fd:00 7865890                    /iriswork/tools/jdk/jdk1.8.0_51/lib/amd64/jli/libjli.so
7f2c9dc91000-7f2c9de91000 ---p 00015000 fd:00 7865890                    /iriswork/tools/jdk/jdk1.8.0_51/lib/amd64/jli/libjli.so
7f2c9de91000-7f2c9de92000 rw-p 00015000 fd:00 7865890                    /iriswork/tools/jdk/jdk1.8.0_51/lib/amd64/jli/libjli.so
7f2c9de92000-7f2c9deab000 r-xp 00000000 fd:00 8792735                    /usr/lib64/libpthread-2.26.so
7f2c9deab000-7f2c9e0aa000 ---p 00019000 fd:00 8792735                    /usr/lib64/libpthread-2.26.so
7f2c9e0aa000-7f2c9e0ab000 r--p 00018000 fd:00 8792735                    /usr/lib64/libpthread-2.26.so
7f2c9e0ab000-7f2c9e0ac000 rw-p 00019000 fd:00 8792735                    /usr/lib64/libpthread-2.26.so
7f2c9e0ac000-7f2c9e0b0000 rw-p 00000000 00:00 0 
7f2c9e0b0000-7f2c9e0d5000 r-xp 00000000 fd:00 8795217                    /usr/lib64/ld-2.26.so
7f2c9e0d5000-7f2c9e0d6000 r--s 00004000 fd:00 9967344                    /iriswork/tools/maven/.m2/repository/com/github/vlsi/compactmap/compactmap/1.2.1/compactmap-1.2.1.jar
7f2c9e0d6000-7f2c9e0d9000 r--s 00015000 fd:00 9839625                    /iriswork/tools/maven/.m2/repository/org/springframework/cloud/spring-cloud-netflix-eureka-client/2.0.4.BUILD-SNAPSHOT/spring-cloud-netflix-eureka-client-2.0.4.BUILD-SNAPSHOT.jar
7f2c9e0d9000-7f2c9e0da000 r--s 00000000 fd:00 9839634                    /iriswork/tools/maven/.m2/repository/org/springframework/boot/spring-boot-starter-aop/2.0.2.RELEASE/spring-boot-starter-aop-2.0.2.RELEASE.jar
7f2c9e0da000-7f2c9e0dd000 r--s 00005000 fd:00 9839623                    /iriswork/tools/maven/.m2/repository/org/springframework/cloud/spring-cloud-netflix-core/2.0.4.BUILD-SNAPSHOT/spring-cloud-netflix-core-2.0.4.BUILD-SNAPSHOT.jar
7f2c9e0dd000-7f2c9e1ae000 rw-p 00000000 00:00 0 
7f2c9e1ae000-7f2c9e1af000 ---p 00000000 00:00 0 
7f2c9e1af000-7f2c9e1b2000 ---p 00000000 00:00 0 
7f2c9e1b2000-7f2c9e2b3000 rw-p 00000000 00:00 0 
7f2c9e2b3000-7f2c9e2b8000 r--s 00027000 fd:00 9968867                    /iriswork/tools/maven/.m2/repository/org/springframework/spring-context-support/5.0.6.RELEASE/spring-context-support-5.0.6.RELEASE.jar
7f2c9e2b8000-7f2c9e2b9000 r--s 00000000 fd:00 9839631                    /iriswork/tools/maven/.m2/repository/org/springframework/boot/spring-boot-starter-freemarker/2.0.2.RELEASE/spring-boot-starter-freemarker-2.0.2.RELEASE.jar
7f2c9e2b9000-7f2c9e2bc000 r--s 00075000 fd:00 9839621                    /iriswork/tools/maven/.m2/repository/org/springframework/cloud/spring-cloud-netflix-eureka-server/2.0.4.BUILD-SNAPSHOT/spring-cloud-netflix-eureka-server-2.0.4.BUILD-SNAPSHOT.jar
7f2c9e2bc000-7f2c9e2bd000 r--s 00004000 fd:00 9835350                    /iriswork/tools/maven/.m2/repository/org/springframework/security/spring-security-rsa/1.0.7.RELEASE/spring-security-rsa-1.0.7.RELEASE.jar
7f2c9e2bd000-7f2c9e2c3000 r--s 0001e000 fd:00 9839620                    /iriswork/tools/maven/.m2/repository/org/springframework/cloud/spring-cloud-commons/2.0.4.BUILD-SNAPSHOT/spring-cloud-commons-2.0.4.BUILD-SNAPSHOT.jar
7f2c9e2c3000-7f2c9e2c5000 r--s 00010000 fd:00 10245302                   /iriswork/tools/maven/.m2/repository/org/springframework/security/spring-security-crypto/5.0.5.RELEASE/spring-security-crypto-5.0.5.RELEASE.jar
7f2c9e2c5000-7f2c9e2c8000 r--s 00017000 fd:00 9839617                    /iriswork/tools/maven/.m2/repository/org/springframework/cloud/spring-cloud-context/2.0.4.BUILD-SNAPSHOT/spring-cloud-context-2.0.4.BUILD-SNAPSHOT.jar
7f2c9e2c8000-7f2c9e2c9000 r--s 00000000 fd:00 9839613                    /iriswork/tools/maven/.m2/repository/org/springframework/cloud/spring-cloud-starter/2.0.4.BUILD-SNAPSHOT/spring-cloud-starter-2.0.4.BUILD-SNAPSHOT.jar
7f2c9e2c9000-7f2c9e2ca000 r--s 00000000 fd:00 9839618                    /iriswork/tools/maven/.m2/repository/org/springframework/cloud/spring-cloud-starter-netflix-eureka-server/2.0.4.BUILD-SNAPSHOT/spring-cloud-starter-netflix-eureka-server-2.0.4.BUILD-SNAPSHOT.jar
7f2c9e2ca000-7f2c9e2d2000 rw-s 00000000 00:2c 100576                     /tmp/hsperfdata_lijinsheng/4490
7f2c9e2d2000-7f2c9e2d3000 rw-p 00000000 00:00 0 
7f2c9e2d3000-7f2c9e2d4000 r--p 00000000 00:00 0 
7f2c9e2d4000-7f2c9e2d5000 r--p 00024000 fd:00 8795217                    /usr/lib64/ld-2.26.so
7f2c9e2d5000-7f2c9e2d6000 rw-p 00025000 fd:00 8795217                    /usr/lib64/ld-2.26.so
7f2c9e2d6000-7f2c9e2d7000 rw-p 00000000 00:00 0 
7fff00946000-7fff0096b000 rw-p 00000000 00:00 0                          [stack]
7fff00991000-7fff00994000 r--p 00000000 00:00 0                          [vvar]
7fff00994000-7fff00996000 r-xp 00000000 00:00 0                          [vdso]
ffffffffff600000-ffffffffff601000 r-xp 00000000 00:00 0                  [vsyscall]

VM Arguments:
jvm_args: -Dcom.sun.management.jmxremote -Dcom.sun.management.jmxremote.port=33233 -Dcom.sun.management.jmxremote.authenticate=false -Dcom.sun.management.jmxremote.ssl=false -Djava.rmi.server.hostname=localhost -Dspring.liveBeansView.mbeanDomain -Dspring.application.admin.enabled=true -Djava.security.egd=file:/dev/./urandom -Xverify:none -XX:TieredStopAtLevel=1 -Dfile.encoding=UTF-8 
java_command: com.eurekacentre.SunEurekacentreApp --spring.output.ansi.enabled=always
java_class_path (initial): /iriswork/tools/jdk/jdk1.8.0_51/jre/lib/resources.jar:/iriswork/tools/jdk/jdk1.8.0_51/jre/lib/rt.jar:/iriswork/tools/jdk/jdk1.8.0_51/jre/lib/jsse.jar:/iriswork/tools/jdk/jdk1.8.0_51/jre/lib/jce.jar:/iriswork/tools/jdk/jdk1.8.0_51/jre/lib/charsets.jar:/iriswork/tools/jdk/jdk1.8.0_51/jre/lib/jfr.jar:/iriswork/tools/jdk/jdk1.8.0_51/jre/lib/ext/jfxrt.jar:/iriswork/tools/jdk/jdk1.8.0_51/jre/lib/ext/zipfs.jar:/iriswork/tools/jdk/jdk1.8.0_51/jre/lib/ext/cldrdata.jar:/iriswork/tools/jdk/jdk1.8.0_51/jre/lib/ext/sunpkcs11.jar:/iriswork/tools/jdk/jdk1.8.0_51/jre/lib/ext/sunjce_provider.jar:/iriswork/tools/jdk/jdk1.8.0_51/jre/lib/ext/dnsns.jar:/iriswork/tools/jdk/jdk1.8.0_51/jre/lib/ext/localedata.jar:/iriswork/tools/jdk/jdk1.8.0_51/jre/lib/ext/sunec.jar:/iriswork/tools/jdk/jdk1.8.0_51/jre/lib/ext/nashorn.jar:/iriswork/kinson-parent/sun-parent/sun-eurekacentre/target/classes:/iriswork/tools/maven/.m2/repository/org/springframework/cloud/spring-cloud-starter-netflix-eureka-server/2.0.4.BUILD-SNAPSHOT/spring-cloud-starter-netflix-eureka-server-2.0.4.BUILD-SNAPSHOT.jar:/iriswork/tools/maven/.m2/repository/org/springframework/cloud/spring-cloud-starter/2.0.4.BUILD-SNAPSHOT/spring-cloud-starter-2.0.4.BUILD-SNAPSHOT.jar:/iriswork/tools/maven/.m2/repository/org/springframework/cloud/spring-cloud-context/2.0.4.BUILD-SNAPSHOT/spring-cloud-context-2.0.4.BUILD-SNAPSHOT.jar:/iriswork/tools/maven/.m2/repository/org/springframework/security/spring-security-crypto/5.0.5.RELEASE/spring-security-crypto-5.0.5.RELEASE.jar:/iriswork/tools/maven/.m2/repository/org/springframework/cloud/spring-cloud-commons/2.0.4.BUILD-SNAPSHOT/spring-cloud-commons-2.0.4.BUILD-SNAPSHOT.jar:/iriswork/tools/maven/.m2/repository/org/springframework/security/spring-security-rsa/1.0.7.RELEASE/spring-security-rsa-1.0.7.RELEASE.jar:/iriswork/tools/maven/.m2/repository/org/bouncycastle/bcpkix-jdk15on/1.60/bcpkix-jdk15on-1.60.jar:/iriswork/tools/maven/.m2/repository/org/bouncycastle/bcprov-jdk15o
Launcher Type: SUN_STANDARD

Environment Variables:
JAVA_HOME=/iriswork/tools/jdk/jdk1.8.0_51
CLASSPATH=.:/iriswork/tools/jdk/jdk1.8.0_51/lib/tools.jar:/iriswork/tools/jdk/jdk1.8.0_51/lib/dt.jar
PATH=/iriswork/tools/jdk/jdk1.8.0_51/bin:/usr/lib64/qt-3.3/bin:/usr/local/bin:/usr/local/sbin:/usr/bin:/usr/sbin:/iriswork/tools/maven/apache-maven-3.0.4/bin:/home/lijinsheng/.local/bin:/home/lijinsheng/bin
USERNAME=lijinsheng
SHELL=/bin/bash
DISPLAY=:0

Signal Handlers:
SIGSEGV: [libjvm.so+0xaad540], sa_mask[0]=11111111011111111101111111111110, sa_flags=SA_RESTART|SA_SIGINFO
SIGBUS: [libjvm.so+0xaad540], sa_mask[0]=11111111011111111101111111111110, sa_flags=SA_RESTART|SA_SIGINFO
SIGFPE: [libjvm.so+0x90b6b0], sa_mask[0]=11111111011111111101111111111110, sa_flags=SA_RESTART|SA_SIGINFO
SIGPIPE: [libjvm.so+0x90b6b0], sa_mask[0]=11111111011111111101111111111110, sa_flags=SA_RESTART|SA_SIGINFO
SIGXFSZ: [libjvm.so+0x90b6b0], sa_mask[0]=11111111011111111101111111111110, sa_flags=SA_RESTART|SA_SIGINFO
SIGILL: [libjvm.so+0x90b6b0], sa_mask[0]=11111111011111111101111111111110, sa_flags=SA_RESTART|SA_SIGINFO
SIGUSR1: SIG_DFL, sa_mask[0]=00000000000000000000000000000000, sa_flags=none
SIGUSR2: [libjvm.so+0x90ccf0], sa_mask[0]=00100000000000000000000000000000, sa_flags=SA_RESTART|SA_SIGINFO
SIGHUP: [libjvm.so+0x90e040], sa_mask[0]=11111111011111111101111111111110, sa_flags=SA_RESTART|SA_SIGINFO
SIGINT: [libjvm.so+0x90e040], sa_mask[0]=11111111011111111101111111111110, sa_flags=SA_RESTART|SA_SIGINFO
SIGTERM: [libjvm.so+0x90e040], sa_mask[0]=11111111011111111101111111111110, sa_flags=SA_RESTART|SA_SIGINFO
SIGQUIT: [libjvm.so+0x90e040], sa_mask[0]=11111111011111111101111111111110, sa_flags=SA_RESTART|SA_SIGINFO


---------------  S Y S T E M  ---------------

OS:Fedora release 27 (Twenty Seven)

uname:Linux 4.17.17-100.fc27.x86_64 #1 SMP Mon Aug 20 15:53:11 UTC 2018 x86_64
libc:glibc 2.26 NPTL 2.26 
rlimit: STACK 8192k, CORE infinity, NPROC 63304, NOFILE 4096, AS infinity
load average:1.54 1.33 1.14

/proc/meminfo:
MemTotal:       16285612 kB
MemFree:         5356392 kB
MemAvailable:    9705952 kB
Buffers:          377296 kB
Cached:          4505936 kB
SwapCached:            0 kB
Active:          4590184 kB
Inactive:        3636508 kB
Active(anon):    3345624 kB
Inactive(anon):   467036 kB
Active(file):    1244560 kB
Inactive(file):  3169472 kB
Unevictable:          32 kB
Mlocked:              32 kB
SwapTotal:      18874364 kB
SwapFree:       18874364 kB
Dirty:             44956 kB
Writeback:             0 kB
AnonPages:       3343616 kB
Mapped:          2656832 kB
Shmem:            469116 kB
Slab:             355136 kB
SReclaimable:     274856 kB
SUnreclaim:        80280 kB
KernelStack:       16376 kB
PageTables:        78096 kB
NFS_Unstable:          0 kB
Bounce:                0 kB
WritebackTmp:          0 kB
CommitLimit:    27017168 kB
Committed_AS:   12521936 kB
VmallocTotal:   34359738367 kB
VmallocUsed:           0 kB
VmallocChunk:          0 kB
HardwareCorrupted:     0 kB
AnonHugePages:         0 kB
ShmemHugePages:        0 kB
ShmemPmdMapped:        0 kB
CmaTotal:              0 kB
CmaFree:               0 kB
HugePages_Total:       0
HugePages_Free:        0
HugePages_Rsvd:        0
HugePages_Surp:        0
Hugepagesize:       2048 kB
Hugetlb:               0 kB
DirectMap4k:      160652 kB
DirectMap2M:     5992448 kB
DirectMap1G:    10485760 kB


CPU:total 6 (6 cores per cpu, 1 threads per core) family 6 model 158 stepping 10, cmov, cx8, fxsr, mmx, sse, sse2, sse3, ssse3, sse4.1, sse4.2, popcnt, avx, avx2, aes, clmul, erms, 3dnowpref, lzcnt, tsc, tscinvbit, bmi1, bmi2, adx

/proc/cpuinfo:
processor	: 0
vendor_id	: GenuineIntel
cpu family	: 6
model		: 158
model name	: Intel(R) Core(TM) i5-8400 CPU @ 2.80GHz
stepping	: 10
microcode	: 0x96
cpu MHz		: 3802.858
cache size	: 9216 KB
physical id	: 0
siblings	: 6
core id		: 0
cpu cores	: 6
apicid		: 0
initial apicid	: 0
fpu		: yes
fpu_exception	: yes
cpuid level	: 22
wp		: yes
flags		: fpu vme de pse tsc msr pae mce cx8 apic sep mtrr pge mca cmov pat pse36 clflush dts acpi mmx fxsr sse sse2 ss ht tm pbe syscall nx pdpe1gb rdtscp lm constant_tsc art arch_perfmon pebs bts rep_good nopl xtopology nonstop_tsc cpuid aperfmperf tsc_known_freq pni pclmulqdq dtes64 monitor ds_cpl vmx est tm2 ssse3 sdbg fma cx16 xtpr pdcm pcid sse4_1 sse4_2 x2apic movbe popcnt tsc_deadline_timer aes xsave avx f16c rdrand lahf_lm abm 3dnowprefetch cpuid_fault invpcid_single pti ssbd ibrs ibpb stibp tpr_shadow vnmi flexpriority ept vpid fsgsbase tsc_adjust bmi1 avx2 smep bmi2 erms invpcid mpx rdseed adx smap clflushopt intel_pt xsaveopt xsavec xgetbv1 xsaves dtherm ida arat pln pts hwp hwp_notify hwp_act_window hwp_epp flush_l1d
bugs		: cpu_meltdown spectre_v1 spectre_v2 spec_store_bypass l1tf
bogomips	: 5616.00
clflush size	: 64
cache_alignment	: 64
address sizes	: 39 bits physical, 48 bits virtual
power management:

processor	: 1
vendor_id	: GenuineIntel
cpu family	: 6
model		: 158
model name	: Intel(R) Core(TM) i5-8400 CPU @ 2.80GHz
stepping	: 10
microcode	: 0x96
cpu MHz		: 3802.782
cache size	: 9216 KB
physical id	: 0
siblings	: 6
core id		: 1
cpu cores	: 6
apicid		: 2
initial apicid	: 2
fpu		: yes
fpu_exception	: yes
cpuid level	: 22
wp		: yes
flags		: fpu vme de pse tsc msr pae mce cx8 apic sep mtrr pge mca cmov pat pse36 clflush dts acpi mmx fxsr sse sse2 ss ht tm pbe syscall nx pdpe1gb rdtscp lm constant_tsc art arch_perfmon pebs bts rep_good nopl xtopology nonstop_tsc cpuid aperfmperf tsc_known_freq pni pclmulqdq dtes64 monitor ds_cpl vmx est tm2 ssse3 sdbg fma cx16 xtpr pdcm pcid sse4_1 sse4_2 x2apic movbe popcnt tsc_deadline_timer aes xsave avx f16c rdrand lahf_lm abm 3dnowprefetch cpuid_fault invpcid_single pti ssbd ibrs ibpb stibp tpr_shadow vnmi flexpriority ept vpid fsgsbase tsc_adjust bmi1 avx2 smep bmi2 erms invpcid mpx rdseed adx smap clflushopt intel_pt xsaveopt xsavec xgetbv1 xsaves dtherm ida arat pln pts hwp hwp_notify hwp_act_window hwp_epp flush_l1d
bugs		: cpu_meltdown spectre_v1 spectre_v2 spec_store_bypass l1tf
bogomips	: 5616.00
clflush size	: 64
cache_alignment	: 64
address sizes	: 39 bits physical, 48 bits virtual
power management:

processor	: 2
vendor_id	: GenuineIntel
cpu family	: 6
model		: 158
model name	: Intel(R) Core(TM) i5-8400 CPU @ 2.80GHz
stepping	: 10
microcode	: 0x96
cpu MHz		: 3800.126
cache size	: 9216 KB
physical id	: 0
siblings	: 6
core id		: 2
cpu cores	: 6
apicid		: 4
initial apicid	: 4
fpu		: yes
fpu_exception	: yes
cpuid level	: 22
wp		: yes
flags		: fpu vme de pse tsc msr pae mce cx8 apic sep mtrr pge mca cmov pat pse36 clflush dts acpi mmx fxsr sse sse2 ss ht tm pbe syscall nx pdpe1gb rdtscp lm constant_tsc art arch_perfmon pebs bts rep_good nopl xtopology nonstop_tsc cpuid aperfmperf tsc_known_freq pni pclmulqdq dtes64 monitor ds_cpl vmx est tm2 ssse3 sdbg fma cx16 xtpr pdcm pcid sse4_1 sse4_2 x2apic movbe popcnt tsc_deadline_timer aes xsave avx f16c rdrand lahf_lm abm 3dnowprefetch cpuid_fault invpcid_single pti ssbd ibrs ibpb stibp tpr_shadow vnmi flexpriority ept vpid fsgsbase tsc_adjust bmi1 avx2 smep bmi2 erms invpcid mpx rdseed adx smap clflushopt intel_pt xsaveopt xsavec xgetbv1 xsaves dtherm ida arat pln pts hwp hwp_notify hwp_act_window hwp_epp flush_l1d
bugs		: cpu_meltdown spectre_v1 spectre_v2 spec_store_bypass l1tf
bogomips	: 5616.00
clflush size	: 64
cache_alignment	: 64
address sizes	: 39 bits physical, 48 bits virtual
power management:

processor	: 3
vendor_id	: GenuineIntel
cpu family	: 6
model		: 158
model name	: Intel(R) Core(TM) i5-8400 CPU @ 2.80GHz
stepping	: 10
microcode	: 0x96
cpu MHz		: 3800.508
cache size	: 9216 KB
physical id	: 0
siblings	: 6
core id		: 3
cpu cores	: 6
apicid		: 6
initial apicid	: 6
fpu		: yes
fpu_exception	: yes
cpuid level	: 22
wp		: yes
flags		: fpu vme de pse tsc msr pae mce cx8 apic sep mtrr pge mca cmov pat pse36 clflush dts acpi mmx fxsr sse sse2 ss ht tm pbe syscall nx pdpe1gb rdtscp lm constant_tsc art arch_perfmon pebs bts rep_good nopl xtopology nonstop_tsc cpuid aperfmperf tsc_known_freq pni pclmulqdq dtes64 monitor ds_cpl vmx est tm2 ssse3 sdbg fma cx16 xtpr pdcm pcid sse4_1 sse4_2 x2apic movbe popcnt tsc_deadline_timer aes xsave avx f16c rdrand lahf_lm abm 3dnowprefetch cpuid_fault invpcid_single pti ssbd ibrs ibpb stibp tpr_shadow vnmi flexpriority ept vpid fsgsbase tsc_adjust bmi1 avx2 smep bmi2 erms invpcid mpx rdseed adx smap clflushopt intel_pt xsaveopt xsavec xgetbv1 xsaves dtherm ida arat pln pts hwp hwp_notify hwp_act_window hwp_epp flush_l1d
bugs		: cpu_meltdown spectre_v1 spectre_v2 spec_store_bypass l1tf
bogomips	: 5616.00
clflush size	: 64
cache_alignment	: 64
address sizes	: 39 bits physical, 48 bits virtual
power management:

processor	: 4
vendor_id	: GenuineIntel
cpu family	: 6
model		: 158
model name	: Intel(R) Core(TM) i5-8400 CPU @ 2.80GHz
stepping	: 10
microcode	: 0x96
cpu MHz		: 1551.648
cache size	: 9216 KB
physical id	: 0
siblings	: 6
core id		: 4
cpu cores	: 6
apicid		: 8
initial apicid	: 8
fpu		: yes
fpu_exception	: yes
cpuid level	: 22
wp		: yes
flags		: fpu vme de pse tsc msr pae mce cx8 apic sep mtrr pge mca cmov pat pse36 clflush dts acpi mmx fxsr sse sse2 ss ht tm pbe syscall nx pdpe1gb rdtscp lm constant_tsc art arch_perfmon pebs bts rep_good nopl xtopology nonstop_tsc cpuid aperfmperf tsc_known_freq pni pclmulqdq dtes64 monitor ds_cpl vmx est tm2 ssse3 sdbg fma cx16 xtpr pdcm pcid sse4_1 sse4_2 x2apic movbe popcnt tsc_deadline_timer aes xsave avx f16c rdrand lahf_lm abm 3dnowprefetch cpuid_fault invpcid_single pti ssbd ibrs ibpb stibp tpr_shadow vnmi flexpriority ept vpid fsgsbase tsc_adjust bmi1 avx2 smep bmi2 erms invpcid mpx rdseed adx smap clflushopt intel_pt xsaveopt xsavec xgetbv1 xsaves dtherm ida arat pln pts hwp hwp_notify hwp_act_window hwp_epp flush_l1d
bugs		: cpu_meltdown spectre_v1 spectre_v2 spec_store_bypass l1tf
bogomips	: 5616.00
clflush size	: 64
cache_alignment	: 64
address sizes	: 39 bits physical, 48 bits virtual
power management:

processor	: 5
vendor_id	: GenuineIntel
cpu family	: 6
model		: 158
model name	: Intel(R) Core(TM) i5-8400 CPU @ 2.80GHz
stepping	: 10
microcode	: 0x96
cpu MHz		: 3800.028
cache size	: 9216 KB
physical id	: 0
siblings	: 6
core id		: 5
cpu cores	: 6
apicid		: 10
initial apicid	: 10
fpu		: yes
fpu_exception	: yes
cpuid level	: 22
wp		: yes
flags		: fpu vme de pse tsc msr pae mce cx8 apic sep mtrr pge mca cmov pat pse36 clflush dts acpi mmx fxsr sse sse2 ss ht tm pbe syscall nx pdpe1gb rdtscp lm constant_tsc art arch_perfmon pebs bts rep_good nopl xtopology nonstop_tsc cpuid aperfmperf tsc_known_freq pni pclmulqdq dtes64 monitor ds_cpl vmx est tm2 ssse3 sdbg fma cx16 xtpr pdcm pcid sse4_1 sse4_2 x2apic movbe popcnt tsc_deadline_timer aes xsave avx f16c rdrand lahf_lm abm 3dnowprefetch cpuid_fault invpcid_single pti ssbd ibrs ibpb stibp tpr_shadow vnmi flexpriority ept vpid fsgsbase tsc_adjust bmi1 avx2 smep bmi2 erms invpcid mpx rdseed adx smap clflushopt intel_pt xsaveopt xsavec xgetbv1 xsaves dtherm ida arat pln pts hwp hwp_notify hwp_act_window hwp_epp flush_l1d
bugs		: cpu_meltdown spectre_v1 spectre_v2 spec_store_bypass l1tf
bogomips	: 5616.00
clflush size	: 64
cache_alignment	: 64
address sizes	: 39 bits physical, 48 bits virtual
power management:



Memory: 4k page, physical 16285612k(5356392k free), swap 18874364k(18874364k free)

vm_info: Java HotSpot(TM) 64-Bit Server VM (25.51-b03) for linux-amd64 JRE (1.8.0_51-b16), built on Jun  8 2015 19:28:07 by "java_re" with gcc 4.3.0 20080428 (Red Hat 4.3.0-8)

time: Mon Apr 22 10:49:27 2019
elapsed time: 235 seconds (0d 0h 3m 55s)

